#! /usr/local/bin/vvp
:ivl_version "11.0 (stable)" "(v11_0-113-g631fa170)";
:ivl_delay_selection "TYPICAL";
:vpi_time_precision - 12;
:vpi_module "/usr/local/lib/ivl/system.vpi";
:vpi_module "/usr/local/lib/ivl/vhdl_sys.vpi";
:vpi_module "/usr/local/lib/ivl/vhdl_textio.vpi";
:vpi_module "/usr/local/lib/ivl/v2005_math.vpi";
:vpi_module "/usr/local/lib/ivl/va_math.vpi";
S_0x55d14682ab30 .scope module, "tb_rvseed" "tb_rvseed" 2 17;
 .timescale -9 -12;
v0x55d146888130_0 .var "branch", 0 0;
v0x55d1468881f0_0 .var "clk", 0 0;
v0x55d1468882c0_0 .net "curr_pc", 31 0, v0x55d146887d40_0;  1 drivers
v0x55d146888390_0 .net "ena", 0 0, v0x55d146887e50_0;  1 drivers
v0x55d146888480_0 .var "imm", 31 0;
v0x55d146888570_0 .net "inst", 31 0, v0x55d146866780_0;  1 drivers
v0x55d146888610_0 .var "inst_name", 39 0;
v0x55d1468886b0_0 .var "jump", 0 0;
v0x55d146888780_0 .net "next_pc", 31 0, v0x55d1468876f0_0;  1 drivers
v0x55d146888820_0 .var "rst_n", 0 0;
v0x55d1468888c0_0 .var "zero", 0 0;
S_0x55d14682acc0 .scope task, "inst_load" "inst_load" 2 77, 2 77 0, S_0x55d14682ab30;
 .timescale -9 -12;
v0x55d146811200_0 .var "inst_name", 39 0;
TD_tb_rvseed.inst_load ;
    %vpi_call 2 80 "$readmemh", v0x55d146811200_0, v0x55d14687cf80 {0 0 0};
    %end;
S_0x55d14687aaf0 .scope task, "reset" "reset" 2 69, 2 69 0, S_0x55d14682ab30;
 .timescale -9 -12;
TD_tb_rvseed.reset ;
    %pushi/vec4 0, 0, 1;
    %store/vec4 v0x55d146888820_0, 0, 1;
    %delay 20000, 0;
    %pushi/vec4 1, 0, 1;
    %store/vec4 v0x55d146888820_0, 0, 1;
    %end;
S_0x55d14687acf0 .scope module, "u_inst_mem_0" "inst_mem" 2 93, 3 15 0, S_0x55d14682ab30;
 .timescale -9 -12;
    .port_info 0 /INPUT 32 "curr_pc";
    .port_info 1 /OUTPUT 32 "inst";
v0x55d146811610_0 .net "curr_pc", 31 0, v0x55d146887d40_0;  alias, 1 drivers
v0x55d146866780_0 .var "inst", 31 0;
v0x55d14687cf80 .array "inst_mem_f", 1023 0, 31 0;
v0x55d14687cf80_0 .array/port v0x55d14687cf80, 0;
v0x55d14687cf80_1 .array/port v0x55d14687cf80, 1;
v0x55d14687cf80_2 .array/port v0x55d14687cf80, 2;
E_0x55d14682b9c0/0 .event edge, v0x55d146811610_0, v0x55d14687cf80_0, v0x55d14687cf80_1, v0x55d14687cf80_2;
v0x55d14687cf80_3 .array/port v0x55d14687cf80, 3;
v0x55d14687cf80_4 .array/port v0x55d14687cf80, 4;
v0x55d14687cf80_5 .array/port v0x55d14687cf80, 5;
v0x55d14687cf80_6 .array/port v0x55d14687cf80, 6;
E_0x55d14682b9c0/1 .event edge, v0x55d14687cf80_3, v0x55d14687cf80_4, v0x55d14687cf80_5, v0x55d14687cf80_6;
v0x55d14687cf80_7 .array/port v0x55d14687cf80, 7;
v0x55d14687cf80_8 .array/port v0x55d14687cf80, 8;
v0x55d14687cf80_9 .array/port v0x55d14687cf80, 9;
v0x55d14687cf80_10 .array/port v0x55d14687cf80, 10;
E_0x55d14682b9c0/2 .event edge, v0x55d14687cf80_7, v0x55d14687cf80_8, v0x55d14687cf80_9, v0x55d14687cf80_10;
v0x55d14687cf80_11 .array/port v0x55d14687cf80, 11;
v0x55d14687cf80_12 .array/port v0x55d14687cf80, 12;
v0x55d14687cf80_13 .array/port v0x55d14687cf80, 13;
v0x55d14687cf80_14 .array/port v0x55d14687cf80, 14;
E_0x55d14682b9c0/3 .event edge, v0x55d14687cf80_11, v0x55d14687cf80_12, v0x55d14687cf80_13, v0x55d14687cf80_14;
v0x55d14687cf80_15 .array/port v0x55d14687cf80, 15;
v0x55d14687cf80_16 .array/port v0x55d14687cf80, 16;
v0x55d14687cf80_17 .array/port v0x55d14687cf80, 17;
v0x55d14687cf80_18 .array/port v0x55d14687cf80, 18;
E_0x55d14682b9c0/4 .event edge, v0x55d14687cf80_15, v0x55d14687cf80_16, v0x55d14687cf80_17, v0x55d14687cf80_18;
v0x55d14687cf80_19 .array/port v0x55d14687cf80, 19;
v0x55d14687cf80_20 .array/port v0x55d14687cf80, 20;
v0x55d14687cf80_21 .array/port v0x55d14687cf80, 21;
v0x55d14687cf80_22 .array/port v0x55d14687cf80, 22;
E_0x55d14682b9c0/5 .event edge, v0x55d14687cf80_19, v0x55d14687cf80_20, v0x55d14687cf80_21, v0x55d14687cf80_22;
v0x55d14687cf80_23 .array/port v0x55d14687cf80, 23;
v0x55d14687cf80_24 .array/port v0x55d14687cf80, 24;
v0x55d14687cf80_25 .array/port v0x55d14687cf80, 25;
v0x55d14687cf80_26 .array/port v0x55d14687cf80, 26;
E_0x55d14682b9c0/6 .event edge, v0x55d14687cf80_23, v0x55d14687cf80_24, v0x55d14687cf80_25, v0x55d14687cf80_26;
v0x55d14687cf80_27 .array/port v0x55d14687cf80, 27;
v0x55d14687cf80_28 .array/port v0x55d14687cf80, 28;
v0x55d14687cf80_29 .array/port v0x55d14687cf80, 29;
v0x55d14687cf80_30 .array/port v0x55d14687cf80, 30;
E_0x55d14682b9c0/7 .event edge, v0x55d14687cf80_27, v0x55d14687cf80_28, v0x55d14687cf80_29, v0x55d14687cf80_30;
v0x55d14687cf80_31 .array/port v0x55d14687cf80, 31;
v0x55d14687cf80_32 .array/port v0x55d14687cf80, 32;
v0x55d14687cf80_33 .array/port v0x55d14687cf80, 33;
v0x55d14687cf80_34 .array/port v0x55d14687cf80, 34;
E_0x55d14682b9c0/8 .event edge, v0x55d14687cf80_31, v0x55d14687cf80_32, v0x55d14687cf80_33, v0x55d14687cf80_34;
v0x55d14687cf80_35 .array/port v0x55d14687cf80, 35;
v0x55d14687cf80_36 .array/port v0x55d14687cf80, 36;
v0x55d14687cf80_37 .array/port v0x55d14687cf80, 37;
v0x55d14687cf80_38 .array/port v0x55d14687cf80, 38;
E_0x55d14682b9c0/9 .event edge, v0x55d14687cf80_35, v0x55d14687cf80_36, v0x55d14687cf80_37, v0x55d14687cf80_38;
v0x55d14687cf80_39 .array/port v0x55d14687cf80, 39;
v0x55d14687cf80_40 .array/port v0x55d14687cf80, 40;
v0x55d14687cf80_41 .array/port v0x55d14687cf80, 41;
v0x55d14687cf80_42 .array/port v0x55d14687cf80, 42;
E_0x55d14682b9c0/10 .event edge, v0x55d14687cf80_39, v0x55d14687cf80_40, v0x55d14687cf80_41, v0x55d14687cf80_42;
v0x55d14687cf80_43 .array/port v0x55d14687cf80, 43;
v0x55d14687cf80_44 .array/port v0x55d14687cf80, 44;
v0x55d14687cf80_45 .array/port v0x55d14687cf80, 45;
v0x55d14687cf80_46 .array/port v0x55d14687cf80, 46;
E_0x55d14682b9c0/11 .event edge, v0x55d14687cf80_43, v0x55d14687cf80_44, v0x55d14687cf80_45, v0x55d14687cf80_46;
v0x55d14687cf80_47 .array/port v0x55d14687cf80, 47;
v0x55d14687cf80_48 .array/port v0x55d14687cf80, 48;
v0x55d14687cf80_49 .array/port v0x55d14687cf80, 49;
v0x55d14687cf80_50 .array/port v0x55d14687cf80, 50;
E_0x55d14682b9c0/12 .event edge, v0x55d14687cf80_47, v0x55d14687cf80_48, v0x55d14687cf80_49, v0x55d14687cf80_50;
v0x55d14687cf80_51 .array/port v0x55d14687cf80, 51;
v0x55d14687cf80_52 .array/port v0x55d14687cf80, 52;
v0x55d14687cf80_53 .array/port v0x55d14687cf80, 53;
v0x55d14687cf80_54 .array/port v0x55d14687cf80, 54;
E_0x55d14682b9c0/13 .event edge, v0x55d14687cf80_51, v0x55d14687cf80_52, v0x55d14687cf80_53, v0x55d14687cf80_54;
v0x55d14687cf80_55 .array/port v0x55d14687cf80, 55;
v0x55d14687cf80_56 .array/port v0x55d14687cf80, 56;
v0x55d14687cf80_57 .array/port v0x55d14687cf80, 57;
v0x55d14687cf80_58 .array/port v0x55d14687cf80, 58;
E_0x55d14682b9c0/14 .event edge, v0x55d14687cf80_55, v0x55d14687cf80_56, v0x55d14687cf80_57, v0x55d14687cf80_58;
v0x55d14687cf80_59 .array/port v0x55d14687cf80, 59;
v0x55d14687cf80_60 .array/port v0x55d14687cf80, 60;
v0x55d14687cf80_61 .array/port v0x55d14687cf80, 61;
v0x55d14687cf80_62 .array/port v0x55d14687cf80, 62;
E_0x55d14682b9c0/15 .event edge, v0x55d14687cf80_59, v0x55d14687cf80_60, v0x55d14687cf80_61, v0x55d14687cf80_62;
v0x55d14687cf80_63 .array/port v0x55d14687cf80, 63;
v0x55d14687cf80_64 .array/port v0x55d14687cf80, 64;
v0x55d14687cf80_65 .array/port v0x55d14687cf80, 65;
v0x55d14687cf80_66 .array/port v0x55d14687cf80, 66;
E_0x55d14682b9c0/16 .event edge, v0x55d14687cf80_63, v0x55d14687cf80_64, v0x55d14687cf80_65, v0x55d14687cf80_66;
v0x55d14687cf80_67 .array/port v0x55d14687cf80, 67;
v0x55d14687cf80_68 .array/port v0x55d14687cf80, 68;
v0x55d14687cf80_69 .array/port v0x55d14687cf80, 69;
v0x55d14687cf80_70 .array/port v0x55d14687cf80, 70;
E_0x55d14682b9c0/17 .event edge, v0x55d14687cf80_67, v0x55d14687cf80_68, v0x55d14687cf80_69, v0x55d14687cf80_70;
v0x55d14687cf80_71 .array/port v0x55d14687cf80, 71;
v0x55d14687cf80_72 .array/port v0x55d14687cf80, 72;
v0x55d14687cf80_73 .array/port v0x55d14687cf80, 73;
v0x55d14687cf80_74 .array/port v0x55d14687cf80, 74;
E_0x55d14682b9c0/18 .event edge, v0x55d14687cf80_71, v0x55d14687cf80_72, v0x55d14687cf80_73, v0x55d14687cf80_74;
v0x55d14687cf80_75 .array/port v0x55d14687cf80, 75;
v0x55d14687cf80_76 .array/port v0x55d14687cf80, 76;
v0x55d14687cf80_77 .array/port v0x55d14687cf80, 77;
v0x55d14687cf80_78 .array/port v0x55d14687cf80, 78;
E_0x55d14682b9c0/19 .event edge, v0x55d14687cf80_75, v0x55d14687cf80_76, v0x55d14687cf80_77, v0x55d14687cf80_78;
v0x55d14687cf80_79 .array/port v0x55d14687cf80, 79;
v0x55d14687cf80_80 .array/port v0x55d14687cf80, 80;
v0x55d14687cf80_81 .array/port v0x55d14687cf80, 81;
v0x55d14687cf80_82 .array/port v0x55d14687cf80, 82;
E_0x55d14682b9c0/20 .event edge, v0x55d14687cf80_79, v0x55d14687cf80_80, v0x55d14687cf80_81, v0x55d14687cf80_82;
v0x55d14687cf80_83 .array/port v0x55d14687cf80, 83;
v0x55d14687cf80_84 .array/port v0x55d14687cf80, 84;
v0x55d14687cf80_85 .array/port v0x55d14687cf80, 85;
v0x55d14687cf80_86 .array/port v0x55d14687cf80, 86;
E_0x55d14682b9c0/21 .event edge, v0x55d14687cf80_83, v0x55d14687cf80_84, v0x55d14687cf80_85, v0x55d14687cf80_86;
v0x55d14687cf80_87 .array/port v0x55d14687cf80, 87;
v0x55d14687cf80_88 .array/port v0x55d14687cf80, 88;
v0x55d14687cf80_89 .array/port v0x55d14687cf80, 89;
v0x55d14687cf80_90 .array/port v0x55d14687cf80, 90;
E_0x55d14682b9c0/22 .event edge, v0x55d14687cf80_87, v0x55d14687cf80_88, v0x55d14687cf80_89, v0x55d14687cf80_90;
v0x55d14687cf80_91 .array/port v0x55d14687cf80, 91;
v0x55d14687cf80_92 .array/port v0x55d14687cf80, 92;
v0x55d14687cf80_93 .array/port v0x55d14687cf80, 93;
v0x55d14687cf80_94 .array/port v0x55d14687cf80, 94;
E_0x55d14682b9c0/23 .event edge, v0x55d14687cf80_91, v0x55d14687cf80_92, v0x55d14687cf80_93, v0x55d14687cf80_94;
v0x55d14687cf80_95 .array/port v0x55d14687cf80, 95;
v0x55d14687cf80_96 .array/port v0x55d14687cf80, 96;
v0x55d14687cf80_97 .array/port v0x55d14687cf80, 97;
v0x55d14687cf80_98 .array/port v0x55d14687cf80, 98;
E_0x55d14682b9c0/24 .event edge, v0x55d14687cf80_95, v0x55d14687cf80_96, v0x55d14687cf80_97, v0x55d14687cf80_98;
v0x55d14687cf80_99 .array/port v0x55d14687cf80, 99;
v0x55d14687cf80_100 .array/port v0x55d14687cf80, 100;
v0x55d14687cf80_101 .array/port v0x55d14687cf80, 101;
v0x55d14687cf80_102 .array/port v0x55d14687cf80, 102;
E_0x55d14682b9c0/25 .event edge, v0x55d14687cf80_99, v0x55d14687cf80_100, v0x55d14687cf80_101, v0x55d14687cf80_102;
v0x55d14687cf80_103 .array/port v0x55d14687cf80, 103;
v0x55d14687cf80_104 .array/port v0x55d14687cf80, 104;
v0x55d14687cf80_105 .array/port v0x55d14687cf80, 105;
v0x55d14687cf80_106 .array/port v0x55d14687cf80, 106;
E_0x55d14682b9c0/26 .event edge, v0x55d14687cf80_103, v0x55d14687cf80_104, v0x55d14687cf80_105, v0x55d14687cf80_106;
v0x55d14687cf80_107 .array/port v0x55d14687cf80, 107;
v0x55d14687cf80_108 .array/port v0x55d14687cf80, 108;
v0x55d14687cf80_109 .array/port v0x55d14687cf80, 109;
v0x55d14687cf80_110 .array/port v0x55d14687cf80, 110;
E_0x55d14682b9c0/27 .event edge, v0x55d14687cf80_107, v0x55d14687cf80_108, v0x55d14687cf80_109, v0x55d14687cf80_110;
v0x55d14687cf80_111 .array/port v0x55d14687cf80, 111;
v0x55d14687cf80_112 .array/port v0x55d14687cf80, 112;
v0x55d14687cf80_113 .array/port v0x55d14687cf80, 113;
v0x55d14687cf80_114 .array/port v0x55d14687cf80, 114;
E_0x55d14682b9c0/28 .event edge, v0x55d14687cf80_111, v0x55d14687cf80_112, v0x55d14687cf80_113, v0x55d14687cf80_114;
v0x55d14687cf80_115 .array/port v0x55d14687cf80, 115;
v0x55d14687cf80_116 .array/port v0x55d14687cf80, 116;
v0x55d14687cf80_117 .array/port v0x55d14687cf80, 117;
v0x55d14687cf80_118 .array/port v0x55d14687cf80, 118;
E_0x55d14682b9c0/29 .event edge, v0x55d14687cf80_115, v0x55d14687cf80_116, v0x55d14687cf80_117, v0x55d14687cf80_118;
v0x55d14687cf80_119 .array/port v0x55d14687cf80, 119;
v0x55d14687cf80_120 .array/port v0x55d14687cf80, 120;
v0x55d14687cf80_121 .array/port v0x55d14687cf80, 121;
v0x55d14687cf80_122 .array/port v0x55d14687cf80, 122;
E_0x55d14682b9c0/30 .event edge, v0x55d14687cf80_119, v0x55d14687cf80_120, v0x55d14687cf80_121, v0x55d14687cf80_122;
v0x55d14687cf80_123 .array/port v0x55d14687cf80, 123;
v0x55d14687cf80_124 .array/port v0x55d14687cf80, 124;
v0x55d14687cf80_125 .array/port v0x55d14687cf80, 125;
v0x55d14687cf80_126 .array/port v0x55d14687cf80, 126;
E_0x55d14682b9c0/31 .event edge, v0x55d14687cf80_123, v0x55d14687cf80_124, v0x55d14687cf80_125, v0x55d14687cf80_126;
v0x55d14687cf80_127 .array/port v0x55d14687cf80, 127;
v0x55d14687cf80_128 .array/port v0x55d14687cf80, 128;
v0x55d14687cf80_129 .array/port v0x55d14687cf80, 129;
v0x55d14687cf80_130 .array/port v0x55d14687cf80, 130;
E_0x55d14682b9c0/32 .event edge, v0x55d14687cf80_127, v0x55d14687cf80_128, v0x55d14687cf80_129, v0x55d14687cf80_130;
v0x55d14687cf80_131 .array/port v0x55d14687cf80, 131;
v0x55d14687cf80_132 .array/port v0x55d14687cf80, 132;
v0x55d14687cf80_133 .array/port v0x55d14687cf80, 133;
v0x55d14687cf80_134 .array/port v0x55d14687cf80, 134;
E_0x55d14682b9c0/33 .event edge, v0x55d14687cf80_131, v0x55d14687cf80_132, v0x55d14687cf80_133, v0x55d14687cf80_134;
v0x55d14687cf80_135 .array/port v0x55d14687cf80, 135;
v0x55d14687cf80_136 .array/port v0x55d14687cf80, 136;
v0x55d14687cf80_137 .array/port v0x55d14687cf80, 137;
v0x55d14687cf80_138 .array/port v0x55d14687cf80, 138;
E_0x55d14682b9c0/34 .event edge, v0x55d14687cf80_135, v0x55d14687cf80_136, v0x55d14687cf80_137, v0x55d14687cf80_138;
v0x55d14687cf80_139 .array/port v0x55d14687cf80, 139;
v0x55d14687cf80_140 .array/port v0x55d14687cf80, 140;
v0x55d14687cf80_141 .array/port v0x55d14687cf80, 141;
v0x55d14687cf80_142 .array/port v0x55d14687cf80, 142;
E_0x55d14682b9c0/35 .event edge, v0x55d14687cf80_139, v0x55d14687cf80_140, v0x55d14687cf80_141, v0x55d14687cf80_142;
v0x55d14687cf80_143 .array/port v0x55d14687cf80, 143;
v0x55d14687cf80_144 .array/port v0x55d14687cf80, 144;
v0x55d14687cf80_145 .array/port v0x55d14687cf80, 145;
v0x55d14687cf80_146 .array/port v0x55d14687cf80, 146;
E_0x55d14682b9c0/36 .event edge, v0x55d14687cf80_143, v0x55d14687cf80_144, v0x55d14687cf80_145, v0x55d14687cf80_146;
v0x55d14687cf80_147 .array/port v0x55d14687cf80, 147;
v0x55d14687cf80_148 .array/port v0x55d14687cf80, 148;
v0x55d14687cf80_149 .array/port v0x55d14687cf80, 149;
v0x55d14687cf80_150 .array/port v0x55d14687cf80, 150;
E_0x55d14682b9c0/37 .event edge, v0x55d14687cf80_147, v0x55d14687cf80_148, v0x55d14687cf80_149, v0x55d14687cf80_150;
v0x55d14687cf80_151 .array/port v0x55d14687cf80, 151;
v0x55d14687cf80_152 .array/port v0x55d14687cf80, 152;
v0x55d14687cf80_153 .array/port v0x55d14687cf80, 153;
v0x55d14687cf80_154 .array/port v0x55d14687cf80, 154;
E_0x55d14682b9c0/38 .event edge, v0x55d14687cf80_151, v0x55d14687cf80_152, v0x55d14687cf80_153, v0x55d14687cf80_154;
v0x55d14687cf80_155 .array/port v0x55d14687cf80, 155;
v0x55d14687cf80_156 .array/port v0x55d14687cf80, 156;
v0x55d14687cf80_157 .array/port v0x55d14687cf80, 157;
v0x55d14687cf80_158 .array/port v0x55d14687cf80, 158;
E_0x55d14682b9c0/39 .event edge, v0x55d14687cf80_155, v0x55d14687cf80_156, v0x55d14687cf80_157, v0x55d14687cf80_158;
v0x55d14687cf80_159 .array/port v0x55d14687cf80, 159;
v0x55d14687cf80_160 .array/port v0x55d14687cf80, 160;
v0x55d14687cf80_161 .array/port v0x55d14687cf80, 161;
v0x55d14687cf80_162 .array/port v0x55d14687cf80, 162;
E_0x55d14682b9c0/40 .event edge, v0x55d14687cf80_159, v0x55d14687cf80_160, v0x55d14687cf80_161, v0x55d14687cf80_162;
v0x55d14687cf80_163 .array/port v0x55d14687cf80, 163;
v0x55d14687cf80_164 .array/port v0x55d14687cf80, 164;
v0x55d14687cf80_165 .array/port v0x55d14687cf80, 165;
v0x55d14687cf80_166 .array/port v0x55d14687cf80, 166;
E_0x55d14682b9c0/41 .event edge, v0x55d14687cf80_163, v0x55d14687cf80_164, v0x55d14687cf80_165, v0x55d14687cf80_166;
v0x55d14687cf80_167 .array/port v0x55d14687cf80, 167;
v0x55d14687cf80_168 .array/port v0x55d14687cf80, 168;
v0x55d14687cf80_169 .array/port v0x55d14687cf80, 169;
v0x55d14687cf80_170 .array/port v0x55d14687cf80, 170;
E_0x55d14682b9c0/42 .event edge, v0x55d14687cf80_167, v0x55d14687cf80_168, v0x55d14687cf80_169, v0x55d14687cf80_170;
v0x55d14687cf80_171 .array/port v0x55d14687cf80, 171;
v0x55d14687cf80_172 .array/port v0x55d14687cf80, 172;
v0x55d14687cf80_173 .array/port v0x55d14687cf80, 173;
v0x55d14687cf80_174 .array/port v0x55d14687cf80, 174;
E_0x55d14682b9c0/43 .event edge, v0x55d14687cf80_171, v0x55d14687cf80_172, v0x55d14687cf80_173, v0x55d14687cf80_174;
v0x55d14687cf80_175 .array/port v0x55d14687cf80, 175;
v0x55d14687cf80_176 .array/port v0x55d14687cf80, 176;
v0x55d14687cf80_177 .array/port v0x55d14687cf80, 177;
v0x55d14687cf80_178 .array/port v0x55d14687cf80, 178;
E_0x55d14682b9c0/44 .event edge, v0x55d14687cf80_175, v0x55d14687cf80_176, v0x55d14687cf80_177, v0x55d14687cf80_178;
v0x55d14687cf80_179 .array/port v0x55d14687cf80, 179;
v0x55d14687cf80_180 .array/port v0x55d14687cf80, 180;
v0x55d14687cf80_181 .array/port v0x55d14687cf80, 181;
v0x55d14687cf80_182 .array/port v0x55d14687cf80, 182;
E_0x55d14682b9c0/45 .event edge, v0x55d14687cf80_179, v0x55d14687cf80_180, v0x55d14687cf80_181, v0x55d14687cf80_182;
v0x55d14687cf80_183 .array/port v0x55d14687cf80, 183;
v0x55d14687cf80_184 .array/port v0x55d14687cf80, 184;
v0x55d14687cf80_185 .array/port v0x55d14687cf80, 185;
v0x55d14687cf80_186 .array/port v0x55d14687cf80, 186;
E_0x55d14682b9c0/46 .event edge, v0x55d14687cf80_183, v0x55d14687cf80_184, v0x55d14687cf80_185, v0x55d14687cf80_186;
v0x55d14687cf80_187 .array/port v0x55d14687cf80, 187;
v0x55d14687cf80_188 .array/port v0x55d14687cf80, 188;
v0x55d14687cf80_189 .array/port v0x55d14687cf80, 189;
v0x55d14687cf80_190 .array/port v0x55d14687cf80, 190;
E_0x55d14682b9c0/47 .event edge, v0x55d14687cf80_187, v0x55d14687cf80_188, v0x55d14687cf80_189, v0x55d14687cf80_190;
v0x55d14687cf80_191 .array/port v0x55d14687cf80, 191;
v0x55d14687cf80_192 .array/port v0x55d14687cf80, 192;
v0x55d14687cf80_193 .array/port v0x55d14687cf80, 193;
v0x55d14687cf80_194 .array/port v0x55d14687cf80, 194;
E_0x55d14682b9c0/48 .event edge, v0x55d14687cf80_191, v0x55d14687cf80_192, v0x55d14687cf80_193, v0x55d14687cf80_194;
v0x55d14687cf80_195 .array/port v0x55d14687cf80, 195;
v0x55d14687cf80_196 .array/port v0x55d14687cf80, 196;
v0x55d14687cf80_197 .array/port v0x55d14687cf80, 197;
v0x55d14687cf80_198 .array/port v0x55d14687cf80, 198;
E_0x55d14682b9c0/49 .event edge, v0x55d14687cf80_195, v0x55d14687cf80_196, v0x55d14687cf80_197, v0x55d14687cf80_198;
v0x55d14687cf80_199 .array/port v0x55d14687cf80, 199;
v0x55d14687cf80_200 .array/port v0x55d14687cf80, 200;
v0x55d14687cf80_201 .array/port v0x55d14687cf80, 201;
v0x55d14687cf80_202 .array/port v0x55d14687cf80, 202;
E_0x55d14682b9c0/50 .event edge, v0x55d14687cf80_199, v0x55d14687cf80_200, v0x55d14687cf80_201, v0x55d14687cf80_202;
v0x55d14687cf80_203 .array/port v0x55d14687cf80, 203;
v0x55d14687cf80_204 .array/port v0x55d14687cf80, 204;
v0x55d14687cf80_205 .array/port v0x55d14687cf80, 205;
v0x55d14687cf80_206 .array/port v0x55d14687cf80, 206;
E_0x55d14682b9c0/51 .event edge, v0x55d14687cf80_203, v0x55d14687cf80_204, v0x55d14687cf80_205, v0x55d14687cf80_206;
v0x55d14687cf80_207 .array/port v0x55d14687cf80, 207;
v0x55d14687cf80_208 .array/port v0x55d14687cf80, 208;
v0x55d14687cf80_209 .array/port v0x55d14687cf80, 209;
v0x55d14687cf80_210 .array/port v0x55d14687cf80, 210;
E_0x55d14682b9c0/52 .event edge, v0x55d14687cf80_207, v0x55d14687cf80_208, v0x55d14687cf80_209, v0x55d14687cf80_210;
v0x55d14687cf80_211 .array/port v0x55d14687cf80, 211;
v0x55d14687cf80_212 .array/port v0x55d14687cf80, 212;
v0x55d14687cf80_213 .array/port v0x55d14687cf80, 213;
v0x55d14687cf80_214 .array/port v0x55d14687cf80, 214;
E_0x55d14682b9c0/53 .event edge, v0x55d14687cf80_211, v0x55d14687cf80_212, v0x55d14687cf80_213, v0x55d14687cf80_214;
v0x55d14687cf80_215 .array/port v0x55d14687cf80, 215;
v0x55d14687cf80_216 .array/port v0x55d14687cf80, 216;
v0x55d14687cf80_217 .array/port v0x55d14687cf80, 217;
v0x55d14687cf80_218 .array/port v0x55d14687cf80, 218;
E_0x55d14682b9c0/54 .event edge, v0x55d14687cf80_215, v0x55d14687cf80_216, v0x55d14687cf80_217, v0x55d14687cf80_218;
v0x55d14687cf80_219 .array/port v0x55d14687cf80, 219;
v0x55d14687cf80_220 .array/port v0x55d14687cf80, 220;
v0x55d14687cf80_221 .array/port v0x55d14687cf80, 221;
v0x55d14687cf80_222 .array/port v0x55d14687cf80, 222;
E_0x55d14682b9c0/55 .event edge, v0x55d14687cf80_219, v0x55d14687cf80_220, v0x55d14687cf80_221, v0x55d14687cf80_222;
v0x55d14687cf80_223 .array/port v0x55d14687cf80, 223;
v0x55d14687cf80_224 .array/port v0x55d14687cf80, 224;
v0x55d14687cf80_225 .array/port v0x55d14687cf80, 225;
v0x55d14687cf80_226 .array/port v0x55d14687cf80, 226;
E_0x55d14682b9c0/56 .event edge, v0x55d14687cf80_223, v0x55d14687cf80_224, v0x55d14687cf80_225, v0x55d14687cf80_226;
v0x55d14687cf80_227 .array/port v0x55d14687cf80, 227;
v0x55d14687cf80_228 .array/port v0x55d14687cf80, 228;
v0x55d14687cf80_229 .array/port v0x55d14687cf80, 229;
v0x55d14687cf80_230 .array/port v0x55d14687cf80, 230;
E_0x55d14682b9c0/57 .event edge, v0x55d14687cf80_227, v0x55d14687cf80_228, v0x55d14687cf80_229, v0x55d14687cf80_230;
v0x55d14687cf80_231 .array/port v0x55d14687cf80, 231;
v0x55d14687cf80_232 .array/port v0x55d14687cf80, 232;
v0x55d14687cf80_233 .array/port v0x55d14687cf80, 233;
v0x55d14687cf80_234 .array/port v0x55d14687cf80, 234;
E_0x55d14682b9c0/58 .event edge, v0x55d14687cf80_231, v0x55d14687cf80_232, v0x55d14687cf80_233, v0x55d14687cf80_234;
v0x55d14687cf80_235 .array/port v0x55d14687cf80, 235;
v0x55d14687cf80_236 .array/port v0x55d14687cf80, 236;
v0x55d14687cf80_237 .array/port v0x55d14687cf80, 237;
v0x55d14687cf80_238 .array/port v0x55d14687cf80, 238;
E_0x55d14682b9c0/59 .event edge, v0x55d14687cf80_235, v0x55d14687cf80_236, v0x55d14687cf80_237, v0x55d14687cf80_238;
v0x55d14687cf80_239 .array/port v0x55d14687cf80, 239;
v0x55d14687cf80_240 .array/port v0x55d14687cf80, 240;
v0x55d14687cf80_241 .array/port v0x55d14687cf80, 241;
v0x55d14687cf80_242 .array/port v0x55d14687cf80, 242;
E_0x55d14682b9c0/60 .event edge, v0x55d14687cf80_239, v0x55d14687cf80_240, v0x55d14687cf80_241, v0x55d14687cf80_242;
v0x55d14687cf80_243 .array/port v0x55d14687cf80, 243;
v0x55d14687cf80_244 .array/port v0x55d14687cf80, 244;
v0x55d14687cf80_245 .array/port v0x55d14687cf80, 245;
v0x55d14687cf80_246 .array/port v0x55d14687cf80, 246;
E_0x55d14682b9c0/61 .event edge, v0x55d14687cf80_243, v0x55d14687cf80_244, v0x55d14687cf80_245, v0x55d14687cf80_246;
v0x55d14687cf80_247 .array/port v0x55d14687cf80, 247;
v0x55d14687cf80_248 .array/port v0x55d14687cf80, 248;
v0x55d14687cf80_249 .array/port v0x55d14687cf80, 249;
v0x55d14687cf80_250 .array/port v0x55d14687cf80, 250;
E_0x55d14682b9c0/62 .event edge, v0x55d14687cf80_247, v0x55d14687cf80_248, v0x55d14687cf80_249, v0x55d14687cf80_250;
v0x55d14687cf80_251 .array/port v0x55d14687cf80, 251;
v0x55d14687cf80_252 .array/port v0x55d14687cf80, 252;
v0x55d14687cf80_253 .array/port v0x55d14687cf80, 253;
v0x55d14687cf80_254 .array/port v0x55d14687cf80, 254;
E_0x55d14682b9c0/63 .event edge, v0x55d14687cf80_251, v0x55d14687cf80_252, v0x55d14687cf80_253, v0x55d14687cf80_254;
v0x55d14687cf80_255 .array/port v0x55d14687cf80, 255;
v0x55d14687cf80_256 .array/port v0x55d14687cf80, 256;
v0x55d14687cf80_257 .array/port v0x55d14687cf80, 257;
v0x55d14687cf80_258 .array/port v0x55d14687cf80, 258;
E_0x55d14682b9c0/64 .event edge, v0x55d14687cf80_255, v0x55d14687cf80_256, v0x55d14687cf80_257, v0x55d14687cf80_258;
v0x55d14687cf80_259 .array/port v0x55d14687cf80, 259;
v0x55d14687cf80_260 .array/port v0x55d14687cf80, 260;
v0x55d14687cf80_261 .array/port v0x55d14687cf80, 261;
v0x55d14687cf80_262 .array/port v0x55d14687cf80, 262;
E_0x55d14682b9c0/65 .event edge, v0x55d14687cf80_259, v0x55d14687cf80_260, v0x55d14687cf80_261, v0x55d14687cf80_262;
v0x55d14687cf80_263 .array/port v0x55d14687cf80, 263;
v0x55d14687cf80_264 .array/port v0x55d14687cf80, 264;
v0x55d14687cf80_265 .array/port v0x55d14687cf80, 265;
v0x55d14687cf80_266 .array/port v0x55d14687cf80, 266;
E_0x55d14682b9c0/66 .event edge, v0x55d14687cf80_263, v0x55d14687cf80_264, v0x55d14687cf80_265, v0x55d14687cf80_266;
v0x55d14687cf80_267 .array/port v0x55d14687cf80, 267;
v0x55d14687cf80_268 .array/port v0x55d14687cf80, 268;
v0x55d14687cf80_269 .array/port v0x55d14687cf80, 269;
v0x55d14687cf80_270 .array/port v0x55d14687cf80, 270;
E_0x55d14682b9c0/67 .event edge, v0x55d14687cf80_267, v0x55d14687cf80_268, v0x55d14687cf80_269, v0x55d14687cf80_270;
v0x55d14687cf80_271 .array/port v0x55d14687cf80, 271;
v0x55d14687cf80_272 .array/port v0x55d14687cf80, 272;
v0x55d14687cf80_273 .array/port v0x55d14687cf80, 273;
v0x55d14687cf80_274 .array/port v0x55d14687cf80, 274;
E_0x55d14682b9c0/68 .event edge, v0x55d14687cf80_271, v0x55d14687cf80_272, v0x55d14687cf80_273, v0x55d14687cf80_274;
v0x55d14687cf80_275 .array/port v0x55d14687cf80, 275;
v0x55d14687cf80_276 .array/port v0x55d14687cf80, 276;
v0x55d14687cf80_277 .array/port v0x55d14687cf80, 277;
v0x55d14687cf80_278 .array/port v0x55d14687cf80, 278;
E_0x55d14682b9c0/69 .event edge, v0x55d14687cf80_275, v0x55d14687cf80_276, v0x55d14687cf80_277, v0x55d14687cf80_278;
v0x55d14687cf80_279 .array/port v0x55d14687cf80, 279;
v0x55d14687cf80_280 .array/port v0x55d14687cf80, 280;
v0x55d14687cf80_281 .array/port v0x55d14687cf80, 281;
v0x55d14687cf80_282 .array/port v0x55d14687cf80, 282;
E_0x55d14682b9c0/70 .event edge, v0x55d14687cf80_279, v0x55d14687cf80_280, v0x55d14687cf80_281, v0x55d14687cf80_282;
v0x55d14687cf80_283 .array/port v0x55d14687cf80, 283;
v0x55d14687cf80_284 .array/port v0x55d14687cf80, 284;
v0x55d14687cf80_285 .array/port v0x55d14687cf80, 285;
v0x55d14687cf80_286 .array/port v0x55d14687cf80, 286;
E_0x55d14682b9c0/71 .event edge, v0x55d14687cf80_283, v0x55d14687cf80_284, v0x55d14687cf80_285, v0x55d14687cf80_286;
v0x55d14687cf80_287 .array/port v0x55d14687cf80, 287;
v0x55d14687cf80_288 .array/port v0x55d14687cf80, 288;
v0x55d14687cf80_289 .array/port v0x55d14687cf80, 289;
v0x55d14687cf80_290 .array/port v0x55d14687cf80, 290;
E_0x55d14682b9c0/72 .event edge, v0x55d14687cf80_287, v0x55d14687cf80_288, v0x55d14687cf80_289, v0x55d14687cf80_290;
v0x55d14687cf80_291 .array/port v0x55d14687cf80, 291;
v0x55d14687cf80_292 .array/port v0x55d14687cf80, 292;
v0x55d14687cf80_293 .array/port v0x55d14687cf80, 293;
v0x55d14687cf80_294 .array/port v0x55d14687cf80, 294;
E_0x55d14682b9c0/73 .event edge, v0x55d14687cf80_291, v0x55d14687cf80_292, v0x55d14687cf80_293, v0x55d14687cf80_294;
v0x55d14687cf80_295 .array/port v0x55d14687cf80, 295;
v0x55d14687cf80_296 .array/port v0x55d14687cf80, 296;
v0x55d14687cf80_297 .array/port v0x55d14687cf80, 297;
v0x55d14687cf80_298 .array/port v0x55d14687cf80, 298;
E_0x55d14682b9c0/74 .event edge, v0x55d14687cf80_295, v0x55d14687cf80_296, v0x55d14687cf80_297, v0x55d14687cf80_298;
v0x55d14687cf80_299 .array/port v0x55d14687cf80, 299;
v0x55d14687cf80_300 .array/port v0x55d14687cf80, 300;
v0x55d14687cf80_301 .array/port v0x55d14687cf80, 301;
v0x55d14687cf80_302 .array/port v0x55d14687cf80, 302;
E_0x55d14682b9c0/75 .event edge, v0x55d14687cf80_299, v0x55d14687cf80_300, v0x55d14687cf80_301, v0x55d14687cf80_302;
v0x55d14687cf80_303 .array/port v0x55d14687cf80, 303;
v0x55d14687cf80_304 .array/port v0x55d14687cf80, 304;
v0x55d14687cf80_305 .array/port v0x55d14687cf80, 305;
v0x55d14687cf80_306 .array/port v0x55d14687cf80, 306;
E_0x55d14682b9c0/76 .event edge, v0x55d14687cf80_303, v0x55d14687cf80_304, v0x55d14687cf80_305, v0x55d14687cf80_306;
v0x55d14687cf80_307 .array/port v0x55d14687cf80, 307;
v0x55d14687cf80_308 .array/port v0x55d14687cf80, 308;
v0x55d14687cf80_309 .array/port v0x55d14687cf80, 309;
v0x55d14687cf80_310 .array/port v0x55d14687cf80, 310;
E_0x55d14682b9c0/77 .event edge, v0x55d14687cf80_307, v0x55d14687cf80_308, v0x55d14687cf80_309, v0x55d14687cf80_310;
v0x55d14687cf80_311 .array/port v0x55d14687cf80, 311;
v0x55d14687cf80_312 .array/port v0x55d14687cf80, 312;
v0x55d14687cf80_313 .array/port v0x55d14687cf80, 313;
v0x55d14687cf80_314 .array/port v0x55d14687cf80, 314;
E_0x55d14682b9c0/78 .event edge, v0x55d14687cf80_311, v0x55d14687cf80_312, v0x55d14687cf80_313, v0x55d14687cf80_314;
v0x55d14687cf80_315 .array/port v0x55d14687cf80, 315;
v0x55d14687cf80_316 .array/port v0x55d14687cf80, 316;
v0x55d14687cf80_317 .array/port v0x55d14687cf80, 317;
v0x55d14687cf80_318 .array/port v0x55d14687cf80, 318;
E_0x55d14682b9c0/79 .event edge, v0x55d14687cf80_315, v0x55d14687cf80_316, v0x55d14687cf80_317, v0x55d14687cf80_318;
v0x55d14687cf80_319 .array/port v0x55d14687cf80, 319;
v0x55d14687cf80_320 .array/port v0x55d14687cf80, 320;
v0x55d14687cf80_321 .array/port v0x55d14687cf80, 321;
v0x55d14687cf80_322 .array/port v0x55d14687cf80, 322;
E_0x55d14682b9c0/80 .event edge, v0x55d14687cf80_319, v0x55d14687cf80_320, v0x55d14687cf80_321, v0x55d14687cf80_322;
v0x55d14687cf80_323 .array/port v0x55d14687cf80, 323;
v0x55d14687cf80_324 .array/port v0x55d14687cf80, 324;
v0x55d14687cf80_325 .array/port v0x55d14687cf80, 325;
v0x55d14687cf80_326 .array/port v0x55d14687cf80, 326;
E_0x55d14682b9c0/81 .event edge, v0x55d14687cf80_323, v0x55d14687cf80_324, v0x55d14687cf80_325, v0x55d14687cf80_326;
v0x55d14687cf80_327 .array/port v0x55d14687cf80, 327;
v0x55d14687cf80_328 .array/port v0x55d14687cf80, 328;
v0x55d14687cf80_329 .array/port v0x55d14687cf80, 329;
v0x55d14687cf80_330 .array/port v0x55d14687cf80, 330;
E_0x55d14682b9c0/82 .event edge, v0x55d14687cf80_327, v0x55d14687cf80_328, v0x55d14687cf80_329, v0x55d14687cf80_330;
v0x55d14687cf80_331 .array/port v0x55d14687cf80, 331;
v0x55d14687cf80_332 .array/port v0x55d14687cf80, 332;
v0x55d14687cf80_333 .array/port v0x55d14687cf80, 333;
v0x55d14687cf80_334 .array/port v0x55d14687cf80, 334;
E_0x55d14682b9c0/83 .event edge, v0x55d14687cf80_331, v0x55d14687cf80_332, v0x55d14687cf80_333, v0x55d14687cf80_334;
v0x55d14687cf80_335 .array/port v0x55d14687cf80, 335;
v0x55d14687cf80_336 .array/port v0x55d14687cf80, 336;
v0x55d14687cf80_337 .array/port v0x55d14687cf80, 337;
v0x55d14687cf80_338 .array/port v0x55d14687cf80, 338;
E_0x55d14682b9c0/84 .event edge, v0x55d14687cf80_335, v0x55d14687cf80_336, v0x55d14687cf80_337, v0x55d14687cf80_338;
v0x55d14687cf80_339 .array/port v0x55d14687cf80, 339;
v0x55d14687cf80_340 .array/port v0x55d14687cf80, 340;
v0x55d14687cf80_341 .array/port v0x55d14687cf80, 341;
v0x55d14687cf80_342 .array/port v0x55d14687cf80, 342;
E_0x55d14682b9c0/85 .event edge, v0x55d14687cf80_339, v0x55d14687cf80_340, v0x55d14687cf80_341, v0x55d14687cf80_342;
v0x55d14687cf80_343 .array/port v0x55d14687cf80, 343;
v0x55d14687cf80_344 .array/port v0x55d14687cf80, 344;
v0x55d14687cf80_345 .array/port v0x55d14687cf80, 345;
v0x55d14687cf80_346 .array/port v0x55d14687cf80, 346;
E_0x55d14682b9c0/86 .event edge, v0x55d14687cf80_343, v0x55d14687cf80_344, v0x55d14687cf80_345, v0x55d14687cf80_346;
v0x55d14687cf80_347 .array/port v0x55d14687cf80, 347;
v0x55d14687cf80_348 .array/port v0x55d14687cf80, 348;
v0x55d14687cf80_349 .array/port v0x55d14687cf80, 349;
v0x55d14687cf80_350 .array/port v0x55d14687cf80, 350;
E_0x55d14682b9c0/87 .event edge, v0x55d14687cf80_347, v0x55d14687cf80_348, v0x55d14687cf80_349, v0x55d14687cf80_350;
v0x55d14687cf80_351 .array/port v0x55d14687cf80, 351;
v0x55d14687cf80_352 .array/port v0x55d14687cf80, 352;
v0x55d14687cf80_353 .array/port v0x55d14687cf80, 353;
v0x55d14687cf80_354 .array/port v0x55d14687cf80, 354;
E_0x55d14682b9c0/88 .event edge, v0x55d14687cf80_351, v0x55d14687cf80_352, v0x55d14687cf80_353, v0x55d14687cf80_354;
v0x55d14687cf80_355 .array/port v0x55d14687cf80, 355;
v0x55d14687cf80_356 .array/port v0x55d14687cf80, 356;
v0x55d14687cf80_357 .array/port v0x55d14687cf80, 357;
v0x55d14687cf80_358 .array/port v0x55d14687cf80, 358;
E_0x55d14682b9c0/89 .event edge, v0x55d14687cf80_355, v0x55d14687cf80_356, v0x55d14687cf80_357, v0x55d14687cf80_358;
v0x55d14687cf80_359 .array/port v0x55d14687cf80, 359;
v0x55d14687cf80_360 .array/port v0x55d14687cf80, 360;
v0x55d14687cf80_361 .array/port v0x55d14687cf80, 361;
v0x55d14687cf80_362 .array/port v0x55d14687cf80, 362;
E_0x55d14682b9c0/90 .event edge, v0x55d14687cf80_359, v0x55d14687cf80_360, v0x55d14687cf80_361, v0x55d14687cf80_362;
v0x55d14687cf80_363 .array/port v0x55d14687cf80, 363;
v0x55d14687cf80_364 .array/port v0x55d14687cf80, 364;
v0x55d14687cf80_365 .array/port v0x55d14687cf80, 365;
v0x55d14687cf80_366 .array/port v0x55d14687cf80, 366;
E_0x55d14682b9c0/91 .event edge, v0x55d14687cf80_363, v0x55d14687cf80_364, v0x55d14687cf80_365, v0x55d14687cf80_366;
v0x55d14687cf80_367 .array/port v0x55d14687cf80, 367;
v0x55d14687cf80_368 .array/port v0x55d14687cf80, 368;
v0x55d14687cf80_369 .array/port v0x55d14687cf80, 369;
v0x55d14687cf80_370 .array/port v0x55d14687cf80, 370;
E_0x55d14682b9c0/92 .event edge, v0x55d14687cf80_367, v0x55d14687cf80_368, v0x55d14687cf80_369, v0x55d14687cf80_370;
v0x55d14687cf80_371 .array/port v0x55d14687cf80, 371;
v0x55d14687cf80_372 .array/port v0x55d14687cf80, 372;
v0x55d14687cf80_373 .array/port v0x55d14687cf80, 373;
v0x55d14687cf80_374 .array/port v0x55d14687cf80, 374;
E_0x55d14682b9c0/93 .event edge, v0x55d14687cf80_371, v0x55d14687cf80_372, v0x55d14687cf80_373, v0x55d14687cf80_374;
v0x55d14687cf80_375 .array/port v0x55d14687cf80, 375;
v0x55d14687cf80_376 .array/port v0x55d14687cf80, 376;
v0x55d14687cf80_377 .array/port v0x55d14687cf80, 377;
v0x55d14687cf80_378 .array/port v0x55d14687cf80, 378;
E_0x55d14682b9c0/94 .event edge, v0x55d14687cf80_375, v0x55d14687cf80_376, v0x55d14687cf80_377, v0x55d14687cf80_378;
v0x55d14687cf80_379 .array/port v0x55d14687cf80, 379;
v0x55d14687cf80_380 .array/port v0x55d14687cf80, 380;
v0x55d14687cf80_381 .array/port v0x55d14687cf80, 381;
v0x55d14687cf80_382 .array/port v0x55d14687cf80, 382;
E_0x55d14682b9c0/95 .event edge, v0x55d14687cf80_379, v0x55d14687cf80_380, v0x55d14687cf80_381, v0x55d14687cf80_382;
v0x55d14687cf80_383 .array/port v0x55d14687cf80, 383;
v0x55d14687cf80_384 .array/port v0x55d14687cf80, 384;
v0x55d14687cf80_385 .array/port v0x55d14687cf80, 385;
v0x55d14687cf80_386 .array/port v0x55d14687cf80, 386;
E_0x55d14682b9c0/96 .event edge, v0x55d14687cf80_383, v0x55d14687cf80_384, v0x55d14687cf80_385, v0x55d14687cf80_386;
v0x55d14687cf80_387 .array/port v0x55d14687cf80, 387;
v0x55d14687cf80_388 .array/port v0x55d14687cf80, 388;
v0x55d14687cf80_389 .array/port v0x55d14687cf80, 389;
v0x55d14687cf80_390 .array/port v0x55d14687cf80, 390;
E_0x55d14682b9c0/97 .event edge, v0x55d14687cf80_387, v0x55d14687cf80_388, v0x55d14687cf80_389, v0x55d14687cf80_390;
v0x55d14687cf80_391 .array/port v0x55d14687cf80, 391;
v0x55d14687cf80_392 .array/port v0x55d14687cf80, 392;
v0x55d14687cf80_393 .array/port v0x55d14687cf80, 393;
v0x55d14687cf80_394 .array/port v0x55d14687cf80, 394;
E_0x55d14682b9c0/98 .event edge, v0x55d14687cf80_391, v0x55d14687cf80_392, v0x55d14687cf80_393, v0x55d14687cf80_394;
v0x55d14687cf80_395 .array/port v0x55d14687cf80, 395;
v0x55d14687cf80_396 .array/port v0x55d14687cf80, 396;
v0x55d14687cf80_397 .array/port v0x55d14687cf80, 397;
v0x55d14687cf80_398 .array/port v0x55d14687cf80, 398;
E_0x55d14682b9c0/99 .event edge, v0x55d14687cf80_395, v0x55d14687cf80_396, v0x55d14687cf80_397, v0x55d14687cf80_398;
v0x55d14687cf80_399 .array/port v0x55d14687cf80, 399;
v0x55d14687cf80_400 .array/port v0x55d14687cf80, 400;
v0x55d14687cf80_401 .array/port v0x55d14687cf80, 401;
v0x55d14687cf80_402 .array/port v0x55d14687cf80, 402;
E_0x55d14682b9c0/100 .event edge, v0x55d14687cf80_399, v0x55d14687cf80_400, v0x55d14687cf80_401, v0x55d14687cf80_402;
v0x55d14687cf80_403 .array/port v0x55d14687cf80, 403;
v0x55d14687cf80_404 .array/port v0x55d14687cf80, 404;
v0x55d14687cf80_405 .array/port v0x55d14687cf80, 405;
v0x55d14687cf80_406 .array/port v0x55d14687cf80, 406;
E_0x55d14682b9c0/101 .event edge, v0x55d14687cf80_403, v0x55d14687cf80_404, v0x55d14687cf80_405, v0x55d14687cf80_406;
v0x55d14687cf80_407 .array/port v0x55d14687cf80, 407;
v0x55d14687cf80_408 .array/port v0x55d14687cf80, 408;
v0x55d14687cf80_409 .array/port v0x55d14687cf80, 409;
v0x55d14687cf80_410 .array/port v0x55d14687cf80, 410;
E_0x55d14682b9c0/102 .event edge, v0x55d14687cf80_407, v0x55d14687cf80_408, v0x55d14687cf80_409, v0x55d14687cf80_410;
v0x55d14687cf80_411 .array/port v0x55d14687cf80, 411;
v0x55d14687cf80_412 .array/port v0x55d14687cf80, 412;
v0x55d14687cf80_413 .array/port v0x55d14687cf80, 413;
v0x55d14687cf80_414 .array/port v0x55d14687cf80, 414;
E_0x55d14682b9c0/103 .event edge, v0x55d14687cf80_411, v0x55d14687cf80_412, v0x55d14687cf80_413, v0x55d14687cf80_414;
v0x55d14687cf80_415 .array/port v0x55d14687cf80, 415;
v0x55d14687cf80_416 .array/port v0x55d14687cf80, 416;
v0x55d14687cf80_417 .array/port v0x55d14687cf80, 417;
v0x55d14687cf80_418 .array/port v0x55d14687cf80, 418;
E_0x55d14682b9c0/104 .event edge, v0x55d14687cf80_415, v0x55d14687cf80_416, v0x55d14687cf80_417, v0x55d14687cf80_418;
v0x55d14687cf80_419 .array/port v0x55d14687cf80, 419;
v0x55d14687cf80_420 .array/port v0x55d14687cf80, 420;
v0x55d14687cf80_421 .array/port v0x55d14687cf80, 421;
v0x55d14687cf80_422 .array/port v0x55d14687cf80, 422;
E_0x55d14682b9c0/105 .event edge, v0x55d14687cf80_419, v0x55d14687cf80_420, v0x55d14687cf80_421, v0x55d14687cf80_422;
v0x55d14687cf80_423 .array/port v0x55d14687cf80, 423;
v0x55d14687cf80_424 .array/port v0x55d14687cf80, 424;
v0x55d14687cf80_425 .array/port v0x55d14687cf80, 425;
v0x55d14687cf80_426 .array/port v0x55d14687cf80, 426;
E_0x55d14682b9c0/106 .event edge, v0x55d14687cf80_423, v0x55d14687cf80_424, v0x55d14687cf80_425, v0x55d14687cf80_426;
v0x55d14687cf80_427 .array/port v0x55d14687cf80, 427;
v0x55d14687cf80_428 .array/port v0x55d14687cf80, 428;
v0x55d14687cf80_429 .array/port v0x55d14687cf80, 429;
v0x55d14687cf80_430 .array/port v0x55d14687cf80, 430;
E_0x55d14682b9c0/107 .event edge, v0x55d14687cf80_427, v0x55d14687cf80_428, v0x55d14687cf80_429, v0x55d14687cf80_430;
v0x55d14687cf80_431 .array/port v0x55d14687cf80, 431;
v0x55d14687cf80_432 .array/port v0x55d14687cf80, 432;
v0x55d14687cf80_433 .array/port v0x55d14687cf80, 433;
v0x55d14687cf80_434 .array/port v0x55d14687cf80, 434;
E_0x55d14682b9c0/108 .event edge, v0x55d14687cf80_431, v0x55d14687cf80_432, v0x55d14687cf80_433, v0x55d14687cf80_434;
v0x55d14687cf80_435 .array/port v0x55d14687cf80, 435;
v0x55d14687cf80_436 .array/port v0x55d14687cf80, 436;
v0x55d14687cf80_437 .array/port v0x55d14687cf80, 437;
v0x55d14687cf80_438 .array/port v0x55d14687cf80, 438;
E_0x55d14682b9c0/109 .event edge, v0x55d14687cf80_435, v0x55d14687cf80_436, v0x55d14687cf80_437, v0x55d14687cf80_438;
v0x55d14687cf80_439 .array/port v0x55d14687cf80, 439;
v0x55d14687cf80_440 .array/port v0x55d14687cf80, 440;
v0x55d14687cf80_441 .array/port v0x55d14687cf80, 441;
v0x55d14687cf80_442 .array/port v0x55d14687cf80, 442;
E_0x55d14682b9c0/110 .event edge, v0x55d14687cf80_439, v0x55d14687cf80_440, v0x55d14687cf80_441, v0x55d14687cf80_442;
v0x55d14687cf80_443 .array/port v0x55d14687cf80, 443;
v0x55d14687cf80_444 .array/port v0x55d14687cf80, 444;
v0x55d14687cf80_445 .array/port v0x55d14687cf80, 445;
v0x55d14687cf80_446 .array/port v0x55d14687cf80, 446;
E_0x55d14682b9c0/111 .event edge, v0x55d14687cf80_443, v0x55d14687cf80_444, v0x55d14687cf80_445, v0x55d14687cf80_446;
v0x55d14687cf80_447 .array/port v0x55d14687cf80, 447;
v0x55d14687cf80_448 .array/port v0x55d14687cf80, 448;
v0x55d14687cf80_449 .array/port v0x55d14687cf80, 449;
v0x55d14687cf80_450 .array/port v0x55d14687cf80, 450;
E_0x55d14682b9c0/112 .event edge, v0x55d14687cf80_447, v0x55d14687cf80_448, v0x55d14687cf80_449, v0x55d14687cf80_450;
v0x55d14687cf80_451 .array/port v0x55d14687cf80, 451;
v0x55d14687cf80_452 .array/port v0x55d14687cf80, 452;
v0x55d14687cf80_453 .array/port v0x55d14687cf80, 453;
v0x55d14687cf80_454 .array/port v0x55d14687cf80, 454;
E_0x55d14682b9c0/113 .event edge, v0x55d14687cf80_451, v0x55d14687cf80_452, v0x55d14687cf80_453, v0x55d14687cf80_454;
v0x55d14687cf80_455 .array/port v0x55d14687cf80, 455;
v0x55d14687cf80_456 .array/port v0x55d14687cf80, 456;
v0x55d14687cf80_457 .array/port v0x55d14687cf80, 457;
v0x55d14687cf80_458 .array/port v0x55d14687cf80, 458;
E_0x55d14682b9c0/114 .event edge, v0x55d14687cf80_455, v0x55d14687cf80_456, v0x55d14687cf80_457, v0x55d14687cf80_458;
v0x55d14687cf80_459 .array/port v0x55d14687cf80, 459;
v0x55d14687cf80_460 .array/port v0x55d14687cf80, 460;
v0x55d14687cf80_461 .array/port v0x55d14687cf80, 461;
v0x55d14687cf80_462 .array/port v0x55d14687cf80, 462;
E_0x55d14682b9c0/115 .event edge, v0x55d14687cf80_459, v0x55d14687cf80_460, v0x55d14687cf80_461, v0x55d14687cf80_462;
v0x55d14687cf80_463 .array/port v0x55d14687cf80, 463;
v0x55d14687cf80_464 .array/port v0x55d14687cf80, 464;
v0x55d14687cf80_465 .array/port v0x55d14687cf80, 465;
v0x55d14687cf80_466 .array/port v0x55d14687cf80, 466;
E_0x55d14682b9c0/116 .event edge, v0x55d14687cf80_463, v0x55d14687cf80_464, v0x55d14687cf80_465, v0x55d14687cf80_466;
v0x55d14687cf80_467 .array/port v0x55d14687cf80, 467;
v0x55d14687cf80_468 .array/port v0x55d14687cf80, 468;
v0x55d14687cf80_469 .array/port v0x55d14687cf80, 469;
v0x55d14687cf80_470 .array/port v0x55d14687cf80, 470;
E_0x55d14682b9c0/117 .event edge, v0x55d14687cf80_467, v0x55d14687cf80_468, v0x55d14687cf80_469, v0x55d14687cf80_470;
v0x55d14687cf80_471 .array/port v0x55d14687cf80, 471;
v0x55d14687cf80_472 .array/port v0x55d14687cf80, 472;
v0x55d14687cf80_473 .array/port v0x55d14687cf80, 473;
v0x55d14687cf80_474 .array/port v0x55d14687cf80, 474;
E_0x55d14682b9c0/118 .event edge, v0x55d14687cf80_471, v0x55d14687cf80_472, v0x55d14687cf80_473, v0x55d14687cf80_474;
v0x55d14687cf80_475 .array/port v0x55d14687cf80, 475;
v0x55d14687cf80_476 .array/port v0x55d14687cf80, 476;
v0x55d14687cf80_477 .array/port v0x55d14687cf80, 477;
v0x55d14687cf80_478 .array/port v0x55d14687cf80, 478;
E_0x55d14682b9c0/119 .event edge, v0x55d14687cf80_475, v0x55d14687cf80_476, v0x55d14687cf80_477, v0x55d14687cf80_478;
v0x55d14687cf80_479 .array/port v0x55d14687cf80, 479;
v0x55d14687cf80_480 .array/port v0x55d14687cf80, 480;
v0x55d14687cf80_481 .array/port v0x55d14687cf80, 481;
v0x55d14687cf80_482 .array/port v0x55d14687cf80, 482;
E_0x55d14682b9c0/120 .event edge, v0x55d14687cf80_479, v0x55d14687cf80_480, v0x55d14687cf80_481, v0x55d14687cf80_482;
v0x55d14687cf80_483 .array/port v0x55d14687cf80, 483;
v0x55d14687cf80_484 .array/port v0x55d14687cf80, 484;
v0x55d14687cf80_485 .array/port v0x55d14687cf80, 485;
v0x55d14687cf80_486 .array/port v0x55d14687cf80, 486;
E_0x55d14682b9c0/121 .event edge, v0x55d14687cf80_483, v0x55d14687cf80_484, v0x55d14687cf80_485, v0x55d14687cf80_486;
v0x55d14687cf80_487 .array/port v0x55d14687cf80, 487;
v0x55d14687cf80_488 .array/port v0x55d14687cf80, 488;
v0x55d14687cf80_489 .array/port v0x55d14687cf80, 489;
v0x55d14687cf80_490 .array/port v0x55d14687cf80, 490;
E_0x55d14682b9c0/122 .event edge, v0x55d14687cf80_487, v0x55d14687cf80_488, v0x55d14687cf80_489, v0x55d14687cf80_490;
v0x55d14687cf80_491 .array/port v0x55d14687cf80, 491;
v0x55d14687cf80_492 .array/port v0x55d14687cf80, 492;
v0x55d14687cf80_493 .array/port v0x55d14687cf80, 493;
v0x55d14687cf80_494 .array/port v0x55d14687cf80, 494;
E_0x55d14682b9c0/123 .event edge, v0x55d14687cf80_491, v0x55d14687cf80_492, v0x55d14687cf80_493, v0x55d14687cf80_494;
v0x55d14687cf80_495 .array/port v0x55d14687cf80, 495;
v0x55d14687cf80_496 .array/port v0x55d14687cf80, 496;
v0x55d14687cf80_497 .array/port v0x55d14687cf80, 497;
v0x55d14687cf80_498 .array/port v0x55d14687cf80, 498;
E_0x55d14682b9c0/124 .event edge, v0x55d14687cf80_495, v0x55d14687cf80_496, v0x55d14687cf80_497, v0x55d14687cf80_498;
v0x55d14687cf80_499 .array/port v0x55d14687cf80, 499;
v0x55d14687cf80_500 .array/port v0x55d14687cf80, 500;
v0x55d14687cf80_501 .array/port v0x55d14687cf80, 501;
v0x55d14687cf80_502 .array/port v0x55d14687cf80, 502;
E_0x55d14682b9c0/125 .event edge, v0x55d14687cf80_499, v0x55d14687cf80_500, v0x55d14687cf80_501, v0x55d14687cf80_502;
v0x55d14687cf80_503 .array/port v0x55d14687cf80, 503;
v0x55d14687cf80_504 .array/port v0x55d14687cf80, 504;
v0x55d14687cf80_505 .array/port v0x55d14687cf80, 505;
v0x55d14687cf80_506 .array/port v0x55d14687cf80, 506;
E_0x55d14682b9c0/126 .event edge, v0x55d14687cf80_503, v0x55d14687cf80_504, v0x55d14687cf80_505, v0x55d14687cf80_506;
v0x55d14687cf80_507 .array/port v0x55d14687cf80, 507;
v0x55d14687cf80_508 .array/port v0x55d14687cf80, 508;
v0x55d14687cf80_509 .array/port v0x55d14687cf80, 509;
v0x55d14687cf80_510 .array/port v0x55d14687cf80, 510;
E_0x55d14682b9c0/127 .event edge, v0x55d14687cf80_507, v0x55d14687cf80_508, v0x55d14687cf80_509, v0x55d14687cf80_510;
v0x55d14687cf80_511 .array/port v0x55d14687cf80, 511;
v0x55d14687cf80_512 .array/port v0x55d14687cf80, 512;
v0x55d14687cf80_513 .array/port v0x55d14687cf80, 513;
v0x55d14687cf80_514 .array/port v0x55d14687cf80, 514;
E_0x55d14682b9c0/128 .event edge, v0x55d14687cf80_511, v0x55d14687cf80_512, v0x55d14687cf80_513, v0x55d14687cf80_514;
v0x55d14687cf80_515 .array/port v0x55d14687cf80, 515;
v0x55d14687cf80_516 .array/port v0x55d14687cf80, 516;
v0x55d14687cf80_517 .array/port v0x55d14687cf80, 517;
v0x55d14687cf80_518 .array/port v0x55d14687cf80, 518;
E_0x55d14682b9c0/129 .event edge, v0x55d14687cf80_515, v0x55d14687cf80_516, v0x55d14687cf80_517, v0x55d14687cf80_518;
v0x55d14687cf80_519 .array/port v0x55d14687cf80, 519;
v0x55d14687cf80_520 .array/port v0x55d14687cf80, 520;
v0x55d14687cf80_521 .array/port v0x55d14687cf80, 521;
v0x55d14687cf80_522 .array/port v0x55d14687cf80, 522;
E_0x55d14682b9c0/130 .event edge, v0x55d14687cf80_519, v0x55d14687cf80_520, v0x55d14687cf80_521, v0x55d14687cf80_522;
v0x55d14687cf80_523 .array/port v0x55d14687cf80, 523;
v0x55d14687cf80_524 .array/port v0x55d14687cf80, 524;
v0x55d14687cf80_525 .array/port v0x55d14687cf80, 525;
v0x55d14687cf80_526 .array/port v0x55d14687cf80, 526;
E_0x55d14682b9c0/131 .event edge, v0x55d14687cf80_523, v0x55d14687cf80_524, v0x55d14687cf80_525, v0x55d14687cf80_526;
v0x55d14687cf80_527 .array/port v0x55d14687cf80, 527;
v0x55d14687cf80_528 .array/port v0x55d14687cf80, 528;
v0x55d14687cf80_529 .array/port v0x55d14687cf80, 529;
v0x55d14687cf80_530 .array/port v0x55d14687cf80, 530;
E_0x55d14682b9c0/132 .event edge, v0x55d14687cf80_527, v0x55d14687cf80_528, v0x55d14687cf80_529, v0x55d14687cf80_530;
v0x55d14687cf80_531 .array/port v0x55d14687cf80, 531;
v0x55d14687cf80_532 .array/port v0x55d14687cf80, 532;
v0x55d14687cf80_533 .array/port v0x55d14687cf80, 533;
v0x55d14687cf80_534 .array/port v0x55d14687cf80, 534;
E_0x55d14682b9c0/133 .event edge, v0x55d14687cf80_531, v0x55d14687cf80_532, v0x55d14687cf80_533, v0x55d14687cf80_534;
v0x55d14687cf80_535 .array/port v0x55d14687cf80, 535;
v0x55d14687cf80_536 .array/port v0x55d14687cf80, 536;
v0x55d14687cf80_537 .array/port v0x55d14687cf80, 537;
v0x55d14687cf80_538 .array/port v0x55d14687cf80, 538;
E_0x55d14682b9c0/134 .event edge, v0x55d14687cf80_535, v0x55d14687cf80_536, v0x55d14687cf80_537, v0x55d14687cf80_538;
v0x55d14687cf80_539 .array/port v0x55d14687cf80, 539;
v0x55d14687cf80_540 .array/port v0x55d14687cf80, 540;
v0x55d14687cf80_541 .array/port v0x55d14687cf80, 541;
v0x55d14687cf80_542 .array/port v0x55d14687cf80, 542;
E_0x55d14682b9c0/135 .event edge, v0x55d14687cf80_539, v0x55d14687cf80_540, v0x55d14687cf80_541, v0x55d14687cf80_542;
v0x55d14687cf80_543 .array/port v0x55d14687cf80, 543;
v0x55d14687cf80_544 .array/port v0x55d14687cf80, 544;
v0x55d14687cf80_545 .array/port v0x55d14687cf80, 545;
v0x55d14687cf80_546 .array/port v0x55d14687cf80, 546;
E_0x55d14682b9c0/136 .event edge, v0x55d14687cf80_543, v0x55d14687cf80_544, v0x55d14687cf80_545, v0x55d14687cf80_546;
v0x55d14687cf80_547 .array/port v0x55d14687cf80, 547;
v0x55d14687cf80_548 .array/port v0x55d14687cf80, 548;
v0x55d14687cf80_549 .array/port v0x55d14687cf80, 549;
v0x55d14687cf80_550 .array/port v0x55d14687cf80, 550;
E_0x55d14682b9c0/137 .event edge, v0x55d14687cf80_547, v0x55d14687cf80_548, v0x55d14687cf80_549, v0x55d14687cf80_550;
v0x55d14687cf80_551 .array/port v0x55d14687cf80, 551;
v0x55d14687cf80_552 .array/port v0x55d14687cf80, 552;
v0x55d14687cf80_553 .array/port v0x55d14687cf80, 553;
v0x55d14687cf80_554 .array/port v0x55d14687cf80, 554;
E_0x55d14682b9c0/138 .event edge, v0x55d14687cf80_551, v0x55d14687cf80_552, v0x55d14687cf80_553, v0x55d14687cf80_554;
v0x55d14687cf80_555 .array/port v0x55d14687cf80, 555;
v0x55d14687cf80_556 .array/port v0x55d14687cf80, 556;
v0x55d14687cf80_557 .array/port v0x55d14687cf80, 557;
v0x55d14687cf80_558 .array/port v0x55d14687cf80, 558;
E_0x55d14682b9c0/139 .event edge, v0x55d14687cf80_555, v0x55d14687cf80_556, v0x55d14687cf80_557, v0x55d14687cf80_558;
v0x55d14687cf80_559 .array/port v0x55d14687cf80, 559;
v0x55d14687cf80_560 .array/port v0x55d14687cf80, 560;
v0x55d14687cf80_561 .array/port v0x55d14687cf80, 561;
v0x55d14687cf80_562 .array/port v0x55d14687cf80, 562;
E_0x55d14682b9c0/140 .event edge, v0x55d14687cf80_559, v0x55d14687cf80_560, v0x55d14687cf80_561, v0x55d14687cf80_562;
v0x55d14687cf80_563 .array/port v0x55d14687cf80, 563;
v0x55d14687cf80_564 .array/port v0x55d14687cf80, 564;
v0x55d14687cf80_565 .array/port v0x55d14687cf80, 565;
v0x55d14687cf80_566 .array/port v0x55d14687cf80, 566;
E_0x55d14682b9c0/141 .event edge, v0x55d14687cf80_563, v0x55d14687cf80_564, v0x55d14687cf80_565, v0x55d14687cf80_566;
v0x55d14687cf80_567 .array/port v0x55d14687cf80, 567;
v0x55d14687cf80_568 .array/port v0x55d14687cf80, 568;
v0x55d14687cf80_569 .array/port v0x55d14687cf80, 569;
v0x55d14687cf80_570 .array/port v0x55d14687cf80, 570;
E_0x55d14682b9c0/142 .event edge, v0x55d14687cf80_567, v0x55d14687cf80_568, v0x55d14687cf80_569, v0x55d14687cf80_570;
v0x55d14687cf80_571 .array/port v0x55d14687cf80, 571;
v0x55d14687cf80_572 .array/port v0x55d14687cf80, 572;
v0x55d14687cf80_573 .array/port v0x55d14687cf80, 573;
v0x55d14687cf80_574 .array/port v0x55d14687cf80, 574;
E_0x55d14682b9c0/143 .event edge, v0x55d14687cf80_571, v0x55d14687cf80_572, v0x55d14687cf80_573, v0x55d14687cf80_574;
v0x55d14687cf80_575 .array/port v0x55d14687cf80, 575;
v0x55d14687cf80_576 .array/port v0x55d14687cf80, 576;
v0x55d14687cf80_577 .array/port v0x55d14687cf80, 577;
v0x55d14687cf80_578 .array/port v0x55d14687cf80, 578;
E_0x55d14682b9c0/144 .event edge, v0x55d14687cf80_575, v0x55d14687cf80_576, v0x55d14687cf80_577, v0x55d14687cf80_578;
v0x55d14687cf80_579 .array/port v0x55d14687cf80, 579;
v0x55d14687cf80_580 .array/port v0x55d14687cf80, 580;
v0x55d14687cf80_581 .array/port v0x55d14687cf80, 581;
v0x55d14687cf80_582 .array/port v0x55d14687cf80, 582;
E_0x55d14682b9c0/145 .event edge, v0x55d14687cf80_579, v0x55d14687cf80_580, v0x55d14687cf80_581, v0x55d14687cf80_582;
v0x55d14687cf80_583 .array/port v0x55d14687cf80, 583;
v0x55d14687cf80_584 .array/port v0x55d14687cf80, 584;
v0x55d14687cf80_585 .array/port v0x55d14687cf80, 585;
v0x55d14687cf80_586 .array/port v0x55d14687cf80, 586;
E_0x55d14682b9c0/146 .event edge, v0x55d14687cf80_583, v0x55d14687cf80_584, v0x55d14687cf80_585, v0x55d14687cf80_586;
v0x55d14687cf80_587 .array/port v0x55d14687cf80, 587;
v0x55d14687cf80_588 .array/port v0x55d14687cf80, 588;
v0x55d14687cf80_589 .array/port v0x55d14687cf80, 589;
v0x55d14687cf80_590 .array/port v0x55d14687cf80, 590;
E_0x55d14682b9c0/147 .event edge, v0x55d14687cf80_587, v0x55d14687cf80_588, v0x55d14687cf80_589, v0x55d14687cf80_590;
v0x55d14687cf80_591 .array/port v0x55d14687cf80, 591;
v0x55d14687cf80_592 .array/port v0x55d14687cf80, 592;
v0x55d14687cf80_593 .array/port v0x55d14687cf80, 593;
v0x55d14687cf80_594 .array/port v0x55d14687cf80, 594;
E_0x55d14682b9c0/148 .event edge, v0x55d14687cf80_591, v0x55d14687cf80_592, v0x55d14687cf80_593, v0x55d14687cf80_594;
v0x55d14687cf80_595 .array/port v0x55d14687cf80, 595;
v0x55d14687cf80_596 .array/port v0x55d14687cf80, 596;
v0x55d14687cf80_597 .array/port v0x55d14687cf80, 597;
v0x55d14687cf80_598 .array/port v0x55d14687cf80, 598;
E_0x55d14682b9c0/149 .event edge, v0x55d14687cf80_595, v0x55d14687cf80_596, v0x55d14687cf80_597, v0x55d14687cf80_598;
v0x55d14687cf80_599 .array/port v0x55d14687cf80, 599;
v0x55d14687cf80_600 .array/port v0x55d14687cf80, 600;
v0x55d14687cf80_601 .array/port v0x55d14687cf80, 601;
v0x55d14687cf80_602 .array/port v0x55d14687cf80, 602;
E_0x55d14682b9c0/150 .event edge, v0x55d14687cf80_599, v0x55d14687cf80_600, v0x55d14687cf80_601, v0x55d14687cf80_602;
v0x55d14687cf80_603 .array/port v0x55d14687cf80, 603;
v0x55d14687cf80_604 .array/port v0x55d14687cf80, 604;
v0x55d14687cf80_605 .array/port v0x55d14687cf80, 605;
v0x55d14687cf80_606 .array/port v0x55d14687cf80, 606;
E_0x55d14682b9c0/151 .event edge, v0x55d14687cf80_603, v0x55d14687cf80_604, v0x55d14687cf80_605, v0x55d14687cf80_606;
v0x55d14687cf80_607 .array/port v0x55d14687cf80, 607;
v0x55d14687cf80_608 .array/port v0x55d14687cf80, 608;
v0x55d14687cf80_609 .array/port v0x55d14687cf80, 609;
v0x55d14687cf80_610 .array/port v0x55d14687cf80, 610;
E_0x55d14682b9c0/152 .event edge, v0x55d14687cf80_607, v0x55d14687cf80_608, v0x55d14687cf80_609, v0x55d14687cf80_610;
v0x55d14687cf80_611 .array/port v0x55d14687cf80, 611;
v0x55d14687cf80_612 .array/port v0x55d14687cf80, 612;
v0x55d14687cf80_613 .array/port v0x55d14687cf80, 613;
v0x55d14687cf80_614 .array/port v0x55d14687cf80, 614;
E_0x55d14682b9c0/153 .event edge, v0x55d14687cf80_611, v0x55d14687cf80_612, v0x55d14687cf80_613, v0x55d14687cf80_614;
v0x55d14687cf80_615 .array/port v0x55d14687cf80, 615;
v0x55d14687cf80_616 .array/port v0x55d14687cf80, 616;
v0x55d14687cf80_617 .array/port v0x55d14687cf80, 617;
v0x55d14687cf80_618 .array/port v0x55d14687cf80, 618;
E_0x55d14682b9c0/154 .event edge, v0x55d14687cf80_615, v0x55d14687cf80_616, v0x55d14687cf80_617, v0x55d14687cf80_618;
v0x55d14687cf80_619 .array/port v0x55d14687cf80, 619;
v0x55d14687cf80_620 .array/port v0x55d14687cf80, 620;
v0x55d14687cf80_621 .array/port v0x55d14687cf80, 621;
v0x55d14687cf80_622 .array/port v0x55d14687cf80, 622;
E_0x55d14682b9c0/155 .event edge, v0x55d14687cf80_619, v0x55d14687cf80_620, v0x55d14687cf80_621, v0x55d14687cf80_622;
v0x55d14687cf80_623 .array/port v0x55d14687cf80, 623;
v0x55d14687cf80_624 .array/port v0x55d14687cf80, 624;
v0x55d14687cf80_625 .array/port v0x55d14687cf80, 625;
v0x55d14687cf80_626 .array/port v0x55d14687cf80, 626;
E_0x55d14682b9c0/156 .event edge, v0x55d14687cf80_623, v0x55d14687cf80_624, v0x55d14687cf80_625, v0x55d14687cf80_626;
v0x55d14687cf80_627 .array/port v0x55d14687cf80, 627;
v0x55d14687cf80_628 .array/port v0x55d14687cf80, 628;
v0x55d14687cf80_629 .array/port v0x55d14687cf80, 629;
v0x55d14687cf80_630 .array/port v0x55d14687cf80, 630;
E_0x55d14682b9c0/157 .event edge, v0x55d14687cf80_627, v0x55d14687cf80_628, v0x55d14687cf80_629, v0x55d14687cf80_630;
v0x55d14687cf80_631 .array/port v0x55d14687cf80, 631;
v0x55d14687cf80_632 .array/port v0x55d14687cf80, 632;
v0x55d14687cf80_633 .array/port v0x55d14687cf80, 633;
v0x55d14687cf80_634 .array/port v0x55d14687cf80, 634;
E_0x55d14682b9c0/158 .event edge, v0x55d14687cf80_631, v0x55d14687cf80_632, v0x55d14687cf80_633, v0x55d14687cf80_634;
v0x55d14687cf80_635 .array/port v0x55d14687cf80, 635;
v0x55d14687cf80_636 .array/port v0x55d14687cf80, 636;
v0x55d14687cf80_637 .array/port v0x55d14687cf80, 637;
v0x55d14687cf80_638 .array/port v0x55d14687cf80, 638;
E_0x55d14682b9c0/159 .event edge, v0x55d14687cf80_635, v0x55d14687cf80_636, v0x55d14687cf80_637, v0x55d14687cf80_638;
v0x55d14687cf80_639 .array/port v0x55d14687cf80, 639;
v0x55d14687cf80_640 .array/port v0x55d14687cf80, 640;
v0x55d14687cf80_641 .array/port v0x55d14687cf80, 641;
v0x55d14687cf80_642 .array/port v0x55d14687cf80, 642;
E_0x55d14682b9c0/160 .event edge, v0x55d14687cf80_639, v0x55d14687cf80_640, v0x55d14687cf80_641, v0x55d14687cf80_642;
v0x55d14687cf80_643 .array/port v0x55d14687cf80, 643;
v0x55d14687cf80_644 .array/port v0x55d14687cf80, 644;
v0x55d14687cf80_645 .array/port v0x55d14687cf80, 645;
v0x55d14687cf80_646 .array/port v0x55d14687cf80, 646;
E_0x55d14682b9c0/161 .event edge, v0x55d14687cf80_643, v0x55d14687cf80_644, v0x55d14687cf80_645, v0x55d14687cf80_646;
v0x55d14687cf80_647 .array/port v0x55d14687cf80, 647;
v0x55d14687cf80_648 .array/port v0x55d14687cf80, 648;
v0x55d14687cf80_649 .array/port v0x55d14687cf80, 649;
v0x55d14687cf80_650 .array/port v0x55d14687cf80, 650;
E_0x55d14682b9c0/162 .event edge, v0x55d14687cf80_647, v0x55d14687cf80_648, v0x55d14687cf80_649, v0x55d14687cf80_650;
v0x55d14687cf80_651 .array/port v0x55d14687cf80, 651;
v0x55d14687cf80_652 .array/port v0x55d14687cf80, 652;
v0x55d14687cf80_653 .array/port v0x55d14687cf80, 653;
v0x55d14687cf80_654 .array/port v0x55d14687cf80, 654;
E_0x55d14682b9c0/163 .event edge, v0x55d14687cf80_651, v0x55d14687cf80_652, v0x55d14687cf80_653, v0x55d14687cf80_654;
v0x55d14687cf80_655 .array/port v0x55d14687cf80, 655;
v0x55d14687cf80_656 .array/port v0x55d14687cf80, 656;
v0x55d14687cf80_657 .array/port v0x55d14687cf80, 657;
v0x55d14687cf80_658 .array/port v0x55d14687cf80, 658;
E_0x55d14682b9c0/164 .event edge, v0x55d14687cf80_655, v0x55d14687cf80_656, v0x55d14687cf80_657, v0x55d14687cf80_658;
v0x55d14687cf80_659 .array/port v0x55d14687cf80, 659;
v0x55d14687cf80_660 .array/port v0x55d14687cf80, 660;
v0x55d14687cf80_661 .array/port v0x55d14687cf80, 661;
v0x55d14687cf80_662 .array/port v0x55d14687cf80, 662;
E_0x55d14682b9c0/165 .event edge, v0x55d14687cf80_659, v0x55d14687cf80_660, v0x55d14687cf80_661, v0x55d14687cf80_662;
v0x55d14687cf80_663 .array/port v0x55d14687cf80, 663;
v0x55d14687cf80_664 .array/port v0x55d14687cf80, 664;
v0x55d14687cf80_665 .array/port v0x55d14687cf80, 665;
v0x55d14687cf80_666 .array/port v0x55d14687cf80, 666;
E_0x55d14682b9c0/166 .event edge, v0x55d14687cf80_663, v0x55d14687cf80_664, v0x55d14687cf80_665, v0x55d14687cf80_666;
v0x55d14687cf80_667 .array/port v0x55d14687cf80, 667;
v0x55d14687cf80_668 .array/port v0x55d14687cf80, 668;
v0x55d14687cf80_669 .array/port v0x55d14687cf80, 669;
v0x55d14687cf80_670 .array/port v0x55d14687cf80, 670;
E_0x55d14682b9c0/167 .event edge, v0x55d14687cf80_667, v0x55d14687cf80_668, v0x55d14687cf80_669, v0x55d14687cf80_670;
v0x55d14687cf80_671 .array/port v0x55d14687cf80, 671;
v0x55d14687cf80_672 .array/port v0x55d14687cf80, 672;
v0x55d14687cf80_673 .array/port v0x55d14687cf80, 673;
v0x55d14687cf80_674 .array/port v0x55d14687cf80, 674;
E_0x55d14682b9c0/168 .event edge, v0x55d14687cf80_671, v0x55d14687cf80_672, v0x55d14687cf80_673, v0x55d14687cf80_674;
v0x55d14687cf80_675 .array/port v0x55d14687cf80, 675;
v0x55d14687cf80_676 .array/port v0x55d14687cf80, 676;
v0x55d14687cf80_677 .array/port v0x55d14687cf80, 677;
v0x55d14687cf80_678 .array/port v0x55d14687cf80, 678;
E_0x55d14682b9c0/169 .event edge, v0x55d14687cf80_675, v0x55d14687cf80_676, v0x55d14687cf80_677, v0x55d14687cf80_678;
v0x55d14687cf80_679 .array/port v0x55d14687cf80, 679;
v0x55d14687cf80_680 .array/port v0x55d14687cf80, 680;
v0x55d14687cf80_681 .array/port v0x55d14687cf80, 681;
v0x55d14687cf80_682 .array/port v0x55d14687cf80, 682;
E_0x55d14682b9c0/170 .event edge, v0x55d14687cf80_679, v0x55d14687cf80_680, v0x55d14687cf80_681, v0x55d14687cf80_682;
v0x55d14687cf80_683 .array/port v0x55d14687cf80, 683;
v0x55d14687cf80_684 .array/port v0x55d14687cf80, 684;
v0x55d14687cf80_685 .array/port v0x55d14687cf80, 685;
v0x55d14687cf80_686 .array/port v0x55d14687cf80, 686;
E_0x55d14682b9c0/171 .event edge, v0x55d14687cf80_683, v0x55d14687cf80_684, v0x55d14687cf80_685, v0x55d14687cf80_686;
v0x55d14687cf80_687 .array/port v0x55d14687cf80, 687;
v0x55d14687cf80_688 .array/port v0x55d14687cf80, 688;
v0x55d14687cf80_689 .array/port v0x55d14687cf80, 689;
v0x55d14687cf80_690 .array/port v0x55d14687cf80, 690;
E_0x55d14682b9c0/172 .event edge, v0x55d14687cf80_687, v0x55d14687cf80_688, v0x55d14687cf80_689, v0x55d14687cf80_690;
v0x55d14687cf80_691 .array/port v0x55d14687cf80, 691;
v0x55d14687cf80_692 .array/port v0x55d14687cf80, 692;
v0x55d14687cf80_693 .array/port v0x55d14687cf80, 693;
v0x55d14687cf80_694 .array/port v0x55d14687cf80, 694;
E_0x55d14682b9c0/173 .event edge, v0x55d14687cf80_691, v0x55d14687cf80_692, v0x55d14687cf80_693, v0x55d14687cf80_694;
v0x55d14687cf80_695 .array/port v0x55d14687cf80, 695;
v0x55d14687cf80_696 .array/port v0x55d14687cf80, 696;
v0x55d14687cf80_697 .array/port v0x55d14687cf80, 697;
v0x55d14687cf80_698 .array/port v0x55d14687cf80, 698;
E_0x55d14682b9c0/174 .event edge, v0x55d14687cf80_695, v0x55d14687cf80_696, v0x55d14687cf80_697, v0x55d14687cf80_698;
v0x55d14687cf80_699 .array/port v0x55d14687cf80, 699;
v0x55d14687cf80_700 .array/port v0x55d14687cf80, 700;
v0x55d14687cf80_701 .array/port v0x55d14687cf80, 701;
v0x55d14687cf80_702 .array/port v0x55d14687cf80, 702;
E_0x55d14682b9c0/175 .event edge, v0x55d14687cf80_699, v0x55d14687cf80_700, v0x55d14687cf80_701, v0x55d14687cf80_702;
v0x55d14687cf80_703 .array/port v0x55d14687cf80, 703;
v0x55d14687cf80_704 .array/port v0x55d14687cf80, 704;
v0x55d14687cf80_705 .array/port v0x55d14687cf80, 705;
v0x55d14687cf80_706 .array/port v0x55d14687cf80, 706;
E_0x55d14682b9c0/176 .event edge, v0x55d14687cf80_703, v0x55d14687cf80_704, v0x55d14687cf80_705, v0x55d14687cf80_706;
v0x55d14687cf80_707 .array/port v0x55d14687cf80, 707;
v0x55d14687cf80_708 .array/port v0x55d14687cf80, 708;
v0x55d14687cf80_709 .array/port v0x55d14687cf80, 709;
v0x55d14687cf80_710 .array/port v0x55d14687cf80, 710;
E_0x55d14682b9c0/177 .event edge, v0x55d14687cf80_707, v0x55d14687cf80_708, v0x55d14687cf80_709, v0x55d14687cf80_710;
v0x55d14687cf80_711 .array/port v0x55d14687cf80, 711;
v0x55d14687cf80_712 .array/port v0x55d14687cf80, 712;
v0x55d14687cf80_713 .array/port v0x55d14687cf80, 713;
v0x55d14687cf80_714 .array/port v0x55d14687cf80, 714;
E_0x55d14682b9c0/178 .event edge, v0x55d14687cf80_711, v0x55d14687cf80_712, v0x55d14687cf80_713, v0x55d14687cf80_714;
v0x55d14687cf80_715 .array/port v0x55d14687cf80, 715;
v0x55d14687cf80_716 .array/port v0x55d14687cf80, 716;
v0x55d14687cf80_717 .array/port v0x55d14687cf80, 717;
v0x55d14687cf80_718 .array/port v0x55d14687cf80, 718;
E_0x55d14682b9c0/179 .event edge, v0x55d14687cf80_715, v0x55d14687cf80_716, v0x55d14687cf80_717, v0x55d14687cf80_718;
v0x55d14687cf80_719 .array/port v0x55d14687cf80, 719;
v0x55d14687cf80_720 .array/port v0x55d14687cf80, 720;
v0x55d14687cf80_721 .array/port v0x55d14687cf80, 721;
v0x55d14687cf80_722 .array/port v0x55d14687cf80, 722;
E_0x55d14682b9c0/180 .event edge, v0x55d14687cf80_719, v0x55d14687cf80_720, v0x55d14687cf80_721, v0x55d14687cf80_722;
v0x55d14687cf80_723 .array/port v0x55d14687cf80, 723;
v0x55d14687cf80_724 .array/port v0x55d14687cf80, 724;
v0x55d14687cf80_725 .array/port v0x55d14687cf80, 725;
v0x55d14687cf80_726 .array/port v0x55d14687cf80, 726;
E_0x55d14682b9c0/181 .event edge, v0x55d14687cf80_723, v0x55d14687cf80_724, v0x55d14687cf80_725, v0x55d14687cf80_726;
v0x55d14687cf80_727 .array/port v0x55d14687cf80, 727;
v0x55d14687cf80_728 .array/port v0x55d14687cf80, 728;
v0x55d14687cf80_729 .array/port v0x55d14687cf80, 729;
v0x55d14687cf80_730 .array/port v0x55d14687cf80, 730;
E_0x55d14682b9c0/182 .event edge, v0x55d14687cf80_727, v0x55d14687cf80_728, v0x55d14687cf80_729, v0x55d14687cf80_730;
v0x55d14687cf80_731 .array/port v0x55d14687cf80, 731;
v0x55d14687cf80_732 .array/port v0x55d14687cf80, 732;
v0x55d14687cf80_733 .array/port v0x55d14687cf80, 733;
v0x55d14687cf80_734 .array/port v0x55d14687cf80, 734;
E_0x55d14682b9c0/183 .event edge, v0x55d14687cf80_731, v0x55d14687cf80_732, v0x55d14687cf80_733, v0x55d14687cf80_734;
v0x55d14687cf80_735 .array/port v0x55d14687cf80, 735;
v0x55d14687cf80_736 .array/port v0x55d14687cf80, 736;
v0x55d14687cf80_737 .array/port v0x55d14687cf80, 737;
v0x55d14687cf80_738 .array/port v0x55d14687cf80, 738;
E_0x55d14682b9c0/184 .event edge, v0x55d14687cf80_735, v0x55d14687cf80_736, v0x55d14687cf80_737, v0x55d14687cf80_738;
v0x55d14687cf80_739 .array/port v0x55d14687cf80, 739;
v0x55d14687cf80_740 .array/port v0x55d14687cf80, 740;
v0x55d14687cf80_741 .array/port v0x55d14687cf80, 741;
v0x55d14687cf80_742 .array/port v0x55d14687cf80, 742;
E_0x55d14682b9c0/185 .event edge, v0x55d14687cf80_739, v0x55d14687cf80_740, v0x55d14687cf80_741, v0x55d14687cf80_742;
v0x55d14687cf80_743 .array/port v0x55d14687cf80, 743;
v0x55d14687cf80_744 .array/port v0x55d14687cf80, 744;
v0x55d14687cf80_745 .array/port v0x55d14687cf80, 745;
v0x55d14687cf80_746 .array/port v0x55d14687cf80, 746;
E_0x55d14682b9c0/186 .event edge, v0x55d14687cf80_743, v0x55d14687cf80_744, v0x55d14687cf80_745, v0x55d14687cf80_746;
v0x55d14687cf80_747 .array/port v0x55d14687cf80, 747;
v0x55d14687cf80_748 .array/port v0x55d14687cf80, 748;
v0x55d14687cf80_749 .array/port v0x55d14687cf80, 749;
v0x55d14687cf80_750 .array/port v0x55d14687cf80, 750;
E_0x55d14682b9c0/187 .event edge, v0x55d14687cf80_747, v0x55d14687cf80_748, v0x55d14687cf80_749, v0x55d14687cf80_750;
v0x55d14687cf80_751 .array/port v0x55d14687cf80, 751;
v0x55d14687cf80_752 .array/port v0x55d14687cf80, 752;
v0x55d14687cf80_753 .array/port v0x55d14687cf80, 753;
v0x55d14687cf80_754 .array/port v0x55d14687cf80, 754;
E_0x55d14682b9c0/188 .event edge, v0x55d14687cf80_751, v0x55d14687cf80_752, v0x55d14687cf80_753, v0x55d14687cf80_754;
v0x55d14687cf80_755 .array/port v0x55d14687cf80, 755;
v0x55d14687cf80_756 .array/port v0x55d14687cf80, 756;
v0x55d14687cf80_757 .array/port v0x55d14687cf80, 757;
v0x55d14687cf80_758 .array/port v0x55d14687cf80, 758;
E_0x55d14682b9c0/189 .event edge, v0x55d14687cf80_755, v0x55d14687cf80_756, v0x55d14687cf80_757, v0x55d14687cf80_758;
v0x55d14687cf80_759 .array/port v0x55d14687cf80, 759;
v0x55d14687cf80_760 .array/port v0x55d14687cf80, 760;
v0x55d14687cf80_761 .array/port v0x55d14687cf80, 761;
v0x55d14687cf80_762 .array/port v0x55d14687cf80, 762;
E_0x55d14682b9c0/190 .event edge, v0x55d14687cf80_759, v0x55d14687cf80_760, v0x55d14687cf80_761, v0x55d14687cf80_762;
v0x55d14687cf80_763 .array/port v0x55d14687cf80, 763;
v0x55d14687cf80_764 .array/port v0x55d14687cf80, 764;
v0x55d14687cf80_765 .array/port v0x55d14687cf80, 765;
v0x55d14687cf80_766 .array/port v0x55d14687cf80, 766;
E_0x55d14682b9c0/191 .event edge, v0x55d14687cf80_763, v0x55d14687cf80_764, v0x55d14687cf80_765, v0x55d14687cf80_766;
v0x55d14687cf80_767 .array/port v0x55d14687cf80, 767;
v0x55d14687cf80_768 .array/port v0x55d14687cf80, 768;
v0x55d14687cf80_769 .array/port v0x55d14687cf80, 769;
v0x55d14687cf80_770 .array/port v0x55d14687cf80, 770;
E_0x55d14682b9c0/192 .event edge, v0x55d14687cf80_767, v0x55d14687cf80_768, v0x55d14687cf80_769, v0x55d14687cf80_770;
v0x55d14687cf80_771 .array/port v0x55d14687cf80, 771;
v0x55d14687cf80_772 .array/port v0x55d14687cf80, 772;
v0x55d14687cf80_773 .array/port v0x55d14687cf80, 773;
v0x55d14687cf80_774 .array/port v0x55d14687cf80, 774;
E_0x55d14682b9c0/193 .event edge, v0x55d14687cf80_771, v0x55d14687cf80_772, v0x55d14687cf80_773, v0x55d14687cf80_774;
v0x55d14687cf80_775 .array/port v0x55d14687cf80, 775;
v0x55d14687cf80_776 .array/port v0x55d14687cf80, 776;
v0x55d14687cf80_777 .array/port v0x55d14687cf80, 777;
v0x55d14687cf80_778 .array/port v0x55d14687cf80, 778;
E_0x55d14682b9c0/194 .event edge, v0x55d14687cf80_775, v0x55d14687cf80_776, v0x55d14687cf80_777, v0x55d14687cf80_778;
v0x55d14687cf80_779 .array/port v0x55d14687cf80, 779;
v0x55d14687cf80_780 .array/port v0x55d14687cf80, 780;
v0x55d14687cf80_781 .array/port v0x55d14687cf80, 781;
v0x55d14687cf80_782 .array/port v0x55d14687cf80, 782;
E_0x55d14682b9c0/195 .event edge, v0x55d14687cf80_779, v0x55d14687cf80_780, v0x55d14687cf80_781, v0x55d14687cf80_782;
v0x55d14687cf80_783 .array/port v0x55d14687cf80, 783;
v0x55d14687cf80_784 .array/port v0x55d14687cf80, 784;
v0x55d14687cf80_785 .array/port v0x55d14687cf80, 785;
v0x55d14687cf80_786 .array/port v0x55d14687cf80, 786;
E_0x55d14682b9c0/196 .event edge, v0x55d14687cf80_783, v0x55d14687cf80_784, v0x55d14687cf80_785, v0x55d14687cf80_786;
v0x55d14687cf80_787 .array/port v0x55d14687cf80, 787;
v0x55d14687cf80_788 .array/port v0x55d14687cf80, 788;
v0x55d14687cf80_789 .array/port v0x55d14687cf80, 789;
v0x55d14687cf80_790 .array/port v0x55d14687cf80, 790;
E_0x55d14682b9c0/197 .event edge, v0x55d14687cf80_787, v0x55d14687cf80_788, v0x55d14687cf80_789, v0x55d14687cf80_790;
v0x55d14687cf80_791 .array/port v0x55d14687cf80, 791;
v0x55d14687cf80_792 .array/port v0x55d14687cf80, 792;
v0x55d14687cf80_793 .array/port v0x55d14687cf80, 793;
v0x55d14687cf80_794 .array/port v0x55d14687cf80, 794;
E_0x55d14682b9c0/198 .event edge, v0x55d14687cf80_791, v0x55d14687cf80_792, v0x55d14687cf80_793, v0x55d14687cf80_794;
v0x55d14687cf80_795 .array/port v0x55d14687cf80, 795;
v0x55d14687cf80_796 .array/port v0x55d14687cf80, 796;
v0x55d14687cf80_797 .array/port v0x55d14687cf80, 797;
v0x55d14687cf80_798 .array/port v0x55d14687cf80, 798;
E_0x55d14682b9c0/199 .event edge, v0x55d14687cf80_795, v0x55d14687cf80_796, v0x55d14687cf80_797, v0x55d14687cf80_798;
v0x55d14687cf80_799 .array/port v0x55d14687cf80, 799;
v0x55d14687cf80_800 .array/port v0x55d14687cf80, 800;
v0x55d14687cf80_801 .array/port v0x55d14687cf80, 801;
v0x55d14687cf80_802 .array/port v0x55d14687cf80, 802;
E_0x55d14682b9c0/200 .event edge, v0x55d14687cf80_799, v0x55d14687cf80_800, v0x55d14687cf80_801, v0x55d14687cf80_802;
v0x55d14687cf80_803 .array/port v0x55d14687cf80, 803;
v0x55d14687cf80_804 .array/port v0x55d14687cf80, 804;
v0x55d14687cf80_805 .array/port v0x55d14687cf80, 805;
v0x55d14687cf80_806 .array/port v0x55d14687cf80, 806;
E_0x55d14682b9c0/201 .event edge, v0x55d14687cf80_803, v0x55d14687cf80_804, v0x55d14687cf80_805, v0x55d14687cf80_806;
v0x55d14687cf80_807 .array/port v0x55d14687cf80, 807;
v0x55d14687cf80_808 .array/port v0x55d14687cf80, 808;
v0x55d14687cf80_809 .array/port v0x55d14687cf80, 809;
v0x55d14687cf80_810 .array/port v0x55d14687cf80, 810;
E_0x55d14682b9c0/202 .event edge, v0x55d14687cf80_807, v0x55d14687cf80_808, v0x55d14687cf80_809, v0x55d14687cf80_810;
v0x55d14687cf80_811 .array/port v0x55d14687cf80, 811;
v0x55d14687cf80_812 .array/port v0x55d14687cf80, 812;
v0x55d14687cf80_813 .array/port v0x55d14687cf80, 813;
v0x55d14687cf80_814 .array/port v0x55d14687cf80, 814;
E_0x55d14682b9c0/203 .event edge, v0x55d14687cf80_811, v0x55d14687cf80_812, v0x55d14687cf80_813, v0x55d14687cf80_814;
v0x55d14687cf80_815 .array/port v0x55d14687cf80, 815;
v0x55d14687cf80_816 .array/port v0x55d14687cf80, 816;
v0x55d14687cf80_817 .array/port v0x55d14687cf80, 817;
v0x55d14687cf80_818 .array/port v0x55d14687cf80, 818;
E_0x55d14682b9c0/204 .event edge, v0x55d14687cf80_815, v0x55d14687cf80_816, v0x55d14687cf80_817, v0x55d14687cf80_818;
v0x55d14687cf80_819 .array/port v0x55d14687cf80, 819;
v0x55d14687cf80_820 .array/port v0x55d14687cf80, 820;
v0x55d14687cf80_821 .array/port v0x55d14687cf80, 821;
v0x55d14687cf80_822 .array/port v0x55d14687cf80, 822;
E_0x55d14682b9c0/205 .event edge, v0x55d14687cf80_819, v0x55d14687cf80_820, v0x55d14687cf80_821, v0x55d14687cf80_822;
v0x55d14687cf80_823 .array/port v0x55d14687cf80, 823;
v0x55d14687cf80_824 .array/port v0x55d14687cf80, 824;
v0x55d14687cf80_825 .array/port v0x55d14687cf80, 825;
v0x55d14687cf80_826 .array/port v0x55d14687cf80, 826;
E_0x55d14682b9c0/206 .event edge, v0x55d14687cf80_823, v0x55d14687cf80_824, v0x55d14687cf80_825, v0x55d14687cf80_826;
v0x55d14687cf80_827 .array/port v0x55d14687cf80, 827;
v0x55d14687cf80_828 .array/port v0x55d14687cf80, 828;
v0x55d14687cf80_829 .array/port v0x55d14687cf80, 829;
v0x55d14687cf80_830 .array/port v0x55d14687cf80, 830;
E_0x55d14682b9c0/207 .event edge, v0x55d14687cf80_827, v0x55d14687cf80_828, v0x55d14687cf80_829, v0x55d14687cf80_830;
v0x55d14687cf80_831 .array/port v0x55d14687cf80, 831;
v0x55d14687cf80_832 .array/port v0x55d14687cf80, 832;
v0x55d14687cf80_833 .array/port v0x55d14687cf80, 833;
v0x55d14687cf80_834 .array/port v0x55d14687cf80, 834;
E_0x55d14682b9c0/208 .event edge, v0x55d14687cf80_831, v0x55d14687cf80_832, v0x55d14687cf80_833, v0x55d14687cf80_834;
v0x55d14687cf80_835 .array/port v0x55d14687cf80, 835;
v0x55d14687cf80_836 .array/port v0x55d14687cf80, 836;
v0x55d14687cf80_837 .array/port v0x55d14687cf80, 837;
v0x55d14687cf80_838 .array/port v0x55d14687cf80, 838;
E_0x55d14682b9c0/209 .event edge, v0x55d14687cf80_835, v0x55d14687cf80_836, v0x55d14687cf80_837, v0x55d14687cf80_838;
v0x55d14687cf80_839 .array/port v0x55d14687cf80, 839;
v0x55d14687cf80_840 .array/port v0x55d14687cf80, 840;
v0x55d14687cf80_841 .array/port v0x55d14687cf80, 841;
v0x55d14687cf80_842 .array/port v0x55d14687cf80, 842;
E_0x55d14682b9c0/210 .event edge, v0x55d14687cf80_839, v0x55d14687cf80_840, v0x55d14687cf80_841, v0x55d14687cf80_842;
v0x55d14687cf80_843 .array/port v0x55d14687cf80, 843;
v0x55d14687cf80_844 .array/port v0x55d14687cf80, 844;
v0x55d14687cf80_845 .array/port v0x55d14687cf80, 845;
v0x55d14687cf80_846 .array/port v0x55d14687cf80, 846;
E_0x55d14682b9c0/211 .event edge, v0x55d14687cf80_843, v0x55d14687cf80_844, v0x55d14687cf80_845, v0x55d14687cf80_846;
v0x55d14687cf80_847 .array/port v0x55d14687cf80, 847;
v0x55d14687cf80_848 .array/port v0x55d14687cf80, 848;
v0x55d14687cf80_849 .array/port v0x55d14687cf80, 849;
v0x55d14687cf80_850 .array/port v0x55d14687cf80, 850;
E_0x55d14682b9c0/212 .event edge, v0x55d14687cf80_847, v0x55d14687cf80_848, v0x55d14687cf80_849, v0x55d14687cf80_850;
v0x55d14687cf80_851 .array/port v0x55d14687cf80, 851;
v0x55d14687cf80_852 .array/port v0x55d14687cf80, 852;
v0x55d14687cf80_853 .array/port v0x55d14687cf80, 853;
v0x55d14687cf80_854 .array/port v0x55d14687cf80, 854;
E_0x55d14682b9c0/213 .event edge, v0x55d14687cf80_851, v0x55d14687cf80_852, v0x55d14687cf80_853, v0x55d14687cf80_854;
v0x55d14687cf80_855 .array/port v0x55d14687cf80, 855;
v0x55d14687cf80_856 .array/port v0x55d14687cf80, 856;
v0x55d14687cf80_857 .array/port v0x55d14687cf80, 857;
v0x55d14687cf80_858 .array/port v0x55d14687cf80, 858;
E_0x55d14682b9c0/214 .event edge, v0x55d14687cf80_855, v0x55d14687cf80_856, v0x55d14687cf80_857, v0x55d14687cf80_858;
v0x55d14687cf80_859 .array/port v0x55d14687cf80, 859;
v0x55d14687cf80_860 .array/port v0x55d14687cf80, 860;
v0x55d14687cf80_861 .array/port v0x55d14687cf80, 861;
v0x55d14687cf80_862 .array/port v0x55d14687cf80, 862;
E_0x55d14682b9c0/215 .event edge, v0x55d14687cf80_859, v0x55d14687cf80_860, v0x55d14687cf80_861, v0x55d14687cf80_862;
v0x55d14687cf80_863 .array/port v0x55d14687cf80, 863;
v0x55d14687cf80_864 .array/port v0x55d14687cf80, 864;
v0x55d14687cf80_865 .array/port v0x55d14687cf80, 865;
v0x55d14687cf80_866 .array/port v0x55d14687cf80, 866;
E_0x55d14682b9c0/216 .event edge, v0x55d14687cf80_863, v0x55d14687cf80_864, v0x55d14687cf80_865, v0x55d14687cf80_866;
v0x55d14687cf80_867 .array/port v0x55d14687cf80, 867;
v0x55d14687cf80_868 .array/port v0x55d14687cf80, 868;
v0x55d14687cf80_869 .array/port v0x55d14687cf80, 869;
v0x55d14687cf80_870 .array/port v0x55d14687cf80, 870;
E_0x55d14682b9c0/217 .event edge, v0x55d14687cf80_867, v0x55d14687cf80_868, v0x55d14687cf80_869, v0x55d14687cf80_870;
v0x55d14687cf80_871 .array/port v0x55d14687cf80, 871;
v0x55d14687cf80_872 .array/port v0x55d14687cf80, 872;
v0x55d14687cf80_873 .array/port v0x55d14687cf80, 873;
v0x55d14687cf80_874 .array/port v0x55d14687cf80, 874;
E_0x55d14682b9c0/218 .event edge, v0x55d14687cf80_871, v0x55d14687cf80_872, v0x55d14687cf80_873, v0x55d14687cf80_874;
v0x55d14687cf80_875 .array/port v0x55d14687cf80, 875;
v0x55d14687cf80_876 .array/port v0x55d14687cf80, 876;
v0x55d14687cf80_877 .array/port v0x55d14687cf80, 877;
v0x55d14687cf80_878 .array/port v0x55d14687cf80, 878;
E_0x55d14682b9c0/219 .event edge, v0x55d14687cf80_875, v0x55d14687cf80_876, v0x55d14687cf80_877, v0x55d14687cf80_878;
v0x55d14687cf80_879 .array/port v0x55d14687cf80, 879;
v0x55d14687cf80_880 .array/port v0x55d14687cf80, 880;
v0x55d14687cf80_881 .array/port v0x55d14687cf80, 881;
v0x55d14687cf80_882 .array/port v0x55d14687cf80, 882;
E_0x55d14682b9c0/220 .event edge, v0x55d14687cf80_879, v0x55d14687cf80_880, v0x55d14687cf80_881, v0x55d14687cf80_882;
v0x55d14687cf80_883 .array/port v0x55d14687cf80, 883;
v0x55d14687cf80_884 .array/port v0x55d14687cf80, 884;
v0x55d14687cf80_885 .array/port v0x55d14687cf80, 885;
v0x55d14687cf80_886 .array/port v0x55d14687cf80, 886;
E_0x55d14682b9c0/221 .event edge, v0x55d14687cf80_883, v0x55d14687cf80_884, v0x55d14687cf80_885, v0x55d14687cf80_886;
v0x55d14687cf80_887 .array/port v0x55d14687cf80, 887;
v0x55d14687cf80_888 .array/port v0x55d14687cf80, 888;
v0x55d14687cf80_889 .array/port v0x55d14687cf80, 889;
v0x55d14687cf80_890 .array/port v0x55d14687cf80, 890;
E_0x55d14682b9c0/222 .event edge, v0x55d14687cf80_887, v0x55d14687cf80_888, v0x55d14687cf80_889, v0x55d14687cf80_890;
v0x55d14687cf80_891 .array/port v0x55d14687cf80, 891;
v0x55d14687cf80_892 .array/port v0x55d14687cf80, 892;
v0x55d14687cf80_893 .array/port v0x55d14687cf80, 893;
v0x55d14687cf80_894 .array/port v0x55d14687cf80, 894;
E_0x55d14682b9c0/223 .event edge, v0x55d14687cf80_891, v0x55d14687cf80_892, v0x55d14687cf80_893, v0x55d14687cf80_894;
v0x55d14687cf80_895 .array/port v0x55d14687cf80, 895;
v0x55d14687cf80_896 .array/port v0x55d14687cf80, 896;
v0x55d14687cf80_897 .array/port v0x55d14687cf80, 897;
v0x55d14687cf80_898 .array/port v0x55d14687cf80, 898;
E_0x55d14682b9c0/224 .event edge, v0x55d14687cf80_895, v0x55d14687cf80_896, v0x55d14687cf80_897, v0x55d14687cf80_898;
v0x55d14687cf80_899 .array/port v0x55d14687cf80, 899;
v0x55d14687cf80_900 .array/port v0x55d14687cf80, 900;
v0x55d14687cf80_901 .array/port v0x55d14687cf80, 901;
v0x55d14687cf80_902 .array/port v0x55d14687cf80, 902;
E_0x55d14682b9c0/225 .event edge, v0x55d14687cf80_899, v0x55d14687cf80_900, v0x55d14687cf80_901, v0x55d14687cf80_902;
v0x55d14687cf80_903 .array/port v0x55d14687cf80, 903;
v0x55d14687cf80_904 .array/port v0x55d14687cf80, 904;
v0x55d14687cf80_905 .array/port v0x55d14687cf80, 905;
v0x55d14687cf80_906 .array/port v0x55d14687cf80, 906;
E_0x55d14682b9c0/226 .event edge, v0x55d14687cf80_903, v0x55d14687cf80_904, v0x55d14687cf80_905, v0x55d14687cf80_906;
v0x55d14687cf80_907 .array/port v0x55d14687cf80, 907;
v0x55d14687cf80_908 .array/port v0x55d14687cf80, 908;
v0x55d14687cf80_909 .array/port v0x55d14687cf80, 909;
v0x55d14687cf80_910 .array/port v0x55d14687cf80, 910;
E_0x55d14682b9c0/227 .event edge, v0x55d14687cf80_907, v0x55d14687cf80_908, v0x55d14687cf80_909, v0x55d14687cf80_910;
v0x55d14687cf80_911 .array/port v0x55d14687cf80, 911;
v0x55d14687cf80_912 .array/port v0x55d14687cf80, 912;
v0x55d14687cf80_913 .array/port v0x55d14687cf80, 913;
v0x55d14687cf80_914 .array/port v0x55d14687cf80, 914;
E_0x55d14682b9c0/228 .event edge, v0x55d14687cf80_911, v0x55d14687cf80_912, v0x55d14687cf80_913, v0x55d14687cf80_914;
v0x55d14687cf80_915 .array/port v0x55d14687cf80, 915;
v0x55d14687cf80_916 .array/port v0x55d14687cf80, 916;
v0x55d14687cf80_917 .array/port v0x55d14687cf80, 917;
v0x55d14687cf80_918 .array/port v0x55d14687cf80, 918;
E_0x55d14682b9c0/229 .event edge, v0x55d14687cf80_915, v0x55d14687cf80_916, v0x55d14687cf80_917, v0x55d14687cf80_918;
v0x55d14687cf80_919 .array/port v0x55d14687cf80, 919;
v0x55d14687cf80_920 .array/port v0x55d14687cf80, 920;
v0x55d14687cf80_921 .array/port v0x55d14687cf80, 921;
v0x55d14687cf80_922 .array/port v0x55d14687cf80, 922;
E_0x55d14682b9c0/230 .event edge, v0x55d14687cf80_919, v0x55d14687cf80_920, v0x55d14687cf80_921, v0x55d14687cf80_922;
v0x55d14687cf80_923 .array/port v0x55d14687cf80, 923;
v0x55d14687cf80_924 .array/port v0x55d14687cf80, 924;
v0x55d14687cf80_925 .array/port v0x55d14687cf80, 925;
v0x55d14687cf80_926 .array/port v0x55d14687cf80, 926;
E_0x55d14682b9c0/231 .event edge, v0x55d14687cf80_923, v0x55d14687cf80_924, v0x55d14687cf80_925, v0x55d14687cf80_926;
v0x55d14687cf80_927 .array/port v0x55d14687cf80, 927;
v0x55d14687cf80_928 .array/port v0x55d14687cf80, 928;
v0x55d14687cf80_929 .array/port v0x55d14687cf80, 929;
v0x55d14687cf80_930 .array/port v0x55d14687cf80, 930;
E_0x55d14682b9c0/232 .event edge, v0x55d14687cf80_927, v0x55d14687cf80_928, v0x55d14687cf80_929, v0x55d14687cf80_930;
v0x55d14687cf80_931 .array/port v0x55d14687cf80, 931;
v0x55d14687cf80_932 .array/port v0x55d14687cf80, 932;
v0x55d14687cf80_933 .array/port v0x55d14687cf80, 933;
v0x55d14687cf80_934 .array/port v0x55d14687cf80, 934;
E_0x55d14682b9c0/233 .event edge, v0x55d14687cf80_931, v0x55d14687cf80_932, v0x55d14687cf80_933, v0x55d14687cf80_934;
v0x55d14687cf80_935 .array/port v0x55d14687cf80, 935;
v0x55d14687cf80_936 .array/port v0x55d14687cf80, 936;
v0x55d14687cf80_937 .array/port v0x55d14687cf80, 937;
v0x55d14687cf80_938 .array/port v0x55d14687cf80, 938;
E_0x55d14682b9c0/234 .event edge, v0x55d14687cf80_935, v0x55d14687cf80_936, v0x55d14687cf80_937, v0x55d14687cf80_938;
v0x55d14687cf80_939 .array/port v0x55d14687cf80, 939;
v0x55d14687cf80_940 .array/port v0x55d14687cf80, 940;
v0x55d14687cf80_941 .array/port v0x55d14687cf80, 941;
v0x55d14687cf80_942 .array/port v0x55d14687cf80, 942;
E_0x55d14682b9c0/235 .event edge, v0x55d14687cf80_939, v0x55d14687cf80_940, v0x55d14687cf80_941, v0x55d14687cf80_942;
v0x55d14687cf80_943 .array/port v0x55d14687cf80, 943;
v0x55d14687cf80_944 .array/port v0x55d14687cf80, 944;
v0x55d14687cf80_945 .array/port v0x55d14687cf80, 945;
v0x55d14687cf80_946 .array/port v0x55d14687cf80, 946;
E_0x55d14682b9c0/236 .event edge, v0x55d14687cf80_943, v0x55d14687cf80_944, v0x55d14687cf80_945, v0x55d14687cf80_946;
v0x55d14687cf80_947 .array/port v0x55d14687cf80, 947;
v0x55d14687cf80_948 .array/port v0x55d14687cf80, 948;
v0x55d14687cf80_949 .array/port v0x55d14687cf80, 949;
v0x55d14687cf80_950 .array/port v0x55d14687cf80, 950;
E_0x55d14682b9c0/237 .event edge, v0x55d14687cf80_947, v0x55d14687cf80_948, v0x55d14687cf80_949, v0x55d14687cf80_950;
v0x55d14687cf80_951 .array/port v0x55d14687cf80, 951;
v0x55d14687cf80_952 .array/port v0x55d14687cf80, 952;
v0x55d14687cf80_953 .array/port v0x55d14687cf80, 953;
v0x55d14687cf80_954 .array/port v0x55d14687cf80, 954;
E_0x55d14682b9c0/238 .event edge, v0x55d14687cf80_951, v0x55d14687cf80_952, v0x55d14687cf80_953, v0x55d14687cf80_954;
v0x55d14687cf80_955 .array/port v0x55d14687cf80, 955;
v0x55d14687cf80_956 .array/port v0x55d14687cf80, 956;
v0x55d14687cf80_957 .array/port v0x55d14687cf80, 957;
v0x55d14687cf80_958 .array/port v0x55d14687cf80, 958;
E_0x55d14682b9c0/239 .event edge, v0x55d14687cf80_955, v0x55d14687cf80_956, v0x55d14687cf80_957, v0x55d14687cf80_958;
v0x55d14687cf80_959 .array/port v0x55d14687cf80, 959;
v0x55d14687cf80_960 .array/port v0x55d14687cf80, 960;
v0x55d14687cf80_961 .array/port v0x55d14687cf80, 961;
v0x55d14687cf80_962 .array/port v0x55d14687cf80, 962;
E_0x55d14682b9c0/240 .event edge, v0x55d14687cf80_959, v0x55d14687cf80_960, v0x55d14687cf80_961, v0x55d14687cf80_962;
v0x55d14687cf80_963 .array/port v0x55d14687cf80, 963;
v0x55d14687cf80_964 .array/port v0x55d14687cf80, 964;
v0x55d14687cf80_965 .array/port v0x55d14687cf80, 965;
v0x55d14687cf80_966 .array/port v0x55d14687cf80, 966;
E_0x55d14682b9c0/241 .event edge, v0x55d14687cf80_963, v0x55d14687cf80_964, v0x55d14687cf80_965, v0x55d14687cf80_966;
v0x55d14687cf80_967 .array/port v0x55d14687cf80, 967;
v0x55d14687cf80_968 .array/port v0x55d14687cf80, 968;
v0x55d14687cf80_969 .array/port v0x55d14687cf80, 969;
v0x55d14687cf80_970 .array/port v0x55d14687cf80, 970;
E_0x55d14682b9c0/242 .event edge, v0x55d14687cf80_967, v0x55d14687cf80_968, v0x55d14687cf80_969, v0x55d14687cf80_970;
v0x55d14687cf80_971 .array/port v0x55d14687cf80, 971;
v0x55d14687cf80_972 .array/port v0x55d14687cf80, 972;
v0x55d14687cf80_973 .array/port v0x55d14687cf80, 973;
v0x55d14687cf80_974 .array/port v0x55d14687cf80, 974;
E_0x55d14682b9c0/243 .event edge, v0x55d14687cf80_971, v0x55d14687cf80_972, v0x55d14687cf80_973, v0x55d14687cf80_974;
v0x55d14687cf80_975 .array/port v0x55d14687cf80, 975;
v0x55d14687cf80_976 .array/port v0x55d14687cf80, 976;
v0x55d14687cf80_977 .array/port v0x55d14687cf80, 977;
v0x55d14687cf80_978 .array/port v0x55d14687cf80, 978;
E_0x55d14682b9c0/244 .event edge, v0x55d14687cf80_975, v0x55d14687cf80_976, v0x55d14687cf80_977, v0x55d14687cf80_978;
v0x55d14687cf80_979 .array/port v0x55d14687cf80, 979;
v0x55d14687cf80_980 .array/port v0x55d14687cf80, 980;
v0x55d14687cf80_981 .array/port v0x55d14687cf80, 981;
v0x55d14687cf80_982 .array/port v0x55d14687cf80, 982;
E_0x55d14682b9c0/245 .event edge, v0x55d14687cf80_979, v0x55d14687cf80_980, v0x55d14687cf80_981, v0x55d14687cf80_982;
v0x55d14687cf80_983 .array/port v0x55d14687cf80, 983;
v0x55d14687cf80_984 .array/port v0x55d14687cf80, 984;
v0x55d14687cf80_985 .array/port v0x55d14687cf80, 985;
v0x55d14687cf80_986 .array/port v0x55d14687cf80, 986;
E_0x55d14682b9c0/246 .event edge, v0x55d14687cf80_983, v0x55d14687cf80_984, v0x55d14687cf80_985, v0x55d14687cf80_986;
v0x55d14687cf80_987 .array/port v0x55d14687cf80, 987;
v0x55d14687cf80_988 .array/port v0x55d14687cf80, 988;
v0x55d14687cf80_989 .array/port v0x55d14687cf80, 989;
v0x55d14687cf80_990 .array/port v0x55d14687cf80, 990;
E_0x55d14682b9c0/247 .event edge, v0x55d14687cf80_987, v0x55d14687cf80_988, v0x55d14687cf80_989, v0x55d14687cf80_990;
v0x55d14687cf80_991 .array/port v0x55d14687cf80, 991;
v0x55d14687cf80_992 .array/port v0x55d14687cf80, 992;
v0x55d14687cf80_993 .array/port v0x55d14687cf80, 993;
v0x55d14687cf80_994 .array/port v0x55d14687cf80, 994;
E_0x55d14682b9c0/248 .event edge, v0x55d14687cf80_991, v0x55d14687cf80_992, v0x55d14687cf80_993, v0x55d14687cf80_994;
v0x55d14687cf80_995 .array/port v0x55d14687cf80, 995;
v0x55d14687cf80_996 .array/port v0x55d14687cf80, 996;
v0x55d14687cf80_997 .array/port v0x55d14687cf80, 997;
v0x55d14687cf80_998 .array/port v0x55d14687cf80, 998;
E_0x55d14682b9c0/249 .event edge, v0x55d14687cf80_995, v0x55d14687cf80_996, v0x55d14687cf80_997, v0x55d14687cf80_998;
v0x55d14687cf80_999 .array/port v0x55d14687cf80, 999;
v0x55d14687cf80_1000 .array/port v0x55d14687cf80, 1000;
v0x55d14687cf80_1001 .array/port v0x55d14687cf80, 1001;
v0x55d14687cf80_1002 .array/port v0x55d14687cf80, 1002;
E_0x55d14682b9c0/250 .event edge, v0x55d14687cf80_999, v0x55d14687cf80_1000, v0x55d14687cf80_1001, v0x55d14687cf80_1002;
v0x55d14687cf80_1003 .array/port v0x55d14687cf80, 1003;
v0x55d14687cf80_1004 .array/port v0x55d14687cf80, 1004;
v0x55d14687cf80_1005 .array/port v0x55d14687cf80, 1005;
v0x55d14687cf80_1006 .array/port v0x55d14687cf80, 1006;
E_0x55d14682b9c0/251 .event edge, v0x55d14687cf80_1003, v0x55d14687cf80_1004, v0x55d14687cf80_1005, v0x55d14687cf80_1006;
v0x55d14687cf80_1007 .array/port v0x55d14687cf80, 1007;
v0x55d14687cf80_1008 .array/port v0x55d14687cf80, 1008;
v0x55d14687cf80_1009 .array/port v0x55d14687cf80, 1009;
v0x55d14687cf80_1010 .array/port v0x55d14687cf80, 1010;
E_0x55d14682b9c0/252 .event edge, v0x55d14687cf80_1007, v0x55d14687cf80_1008, v0x55d14687cf80_1009, v0x55d14687cf80_1010;
v0x55d14687cf80_1011 .array/port v0x55d14687cf80, 1011;
v0x55d14687cf80_1012 .array/port v0x55d14687cf80, 1012;
v0x55d14687cf80_1013 .array/port v0x55d14687cf80, 1013;
v0x55d14687cf80_1014 .array/port v0x55d14687cf80, 1014;
E_0x55d14682b9c0/253 .event edge, v0x55d14687cf80_1011, v0x55d14687cf80_1012, v0x55d14687cf80_1013, v0x55d14687cf80_1014;
v0x55d14687cf80_1015 .array/port v0x55d14687cf80, 1015;
v0x55d14687cf80_1016 .array/port v0x55d14687cf80, 1016;
v0x55d14687cf80_1017 .array/port v0x55d14687cf80, 1017;
v0x55d14687cf80_1018 .array/port v0x55d14687cf80, 1018;
E_0x55d14682b9c0/254 .event edge, v0x55d14687cf80_1015, v0x55d14687cf80_1016, v0x55d14687cf80_1017, v0x55d14687cf80_1018;
v0x55d14687cf80_1019 .array/port v0x55d14687cf80, 1019;
v0x55d14687cf80_1020 .array/port v0x55d14687cf80, 1020;
v0x55d14687cf80_1021 .array/port v0x55d14687cf80, 1021;
v0x55d14687cf80_1022 .array/port v0x55d14687cf80, 1022;
E_0x55d14682b9c0/255 .event edge, v0x55d14687cf80_1019, v0x55d14687cf80_1020, v0x55d14687cf80_1021, v0x55d14687cf80_1022;
v0x55d14687cf80_1023 .array/port v0x55d14687cf80, 1023;
E_0x55d14682b9c0/256 .event edge, v0x55d14687cf80_1023;
E_0x55d14682b9c0 .event/or E_0x55d14682b9c0/0, E_0x55d14682b9c0/1, E_0x55d14682b9c0/2, E_0x55d14682b9c0/3, E_0x55d14682b9c0/4, E_0x55d14682b9c0/5, E_0x55d14682b9c0/6, E_0x55d14682b9c0/7, E_0x55d14682b9c0/8, E_0x55d14682b9c0/9, E_0x55d14682b9c0/10, E_0x55d14682b9c0/11, E_0x55d14682b9c0/12, E_0x55d14682b9c0/13, E_0x55d14682b9c0/14, E_0x55d14682b9c0/15, E_0x55d14682b9c0/16, E_0x55d14682b9c0/17, E_0x55d14682b9c0/18, E_0x55d14682b9c0/19, E_0x55d14682b9c0/20, E_0x55d14682b9c0/21, E_0x55d14682b9c0/22, E_0x55d14682b9c0/23, E_0x55d14682b9c0/24, E_0x55d14682b9c0/25, E_0x55d14682b9c0/26, E_0x55d14682b9c0/27, E_0x55d14682b9c0/28, E_0x55d14682b9c0/29, E_0x55d14682b9c0/30, E_0x55d14682b9c0/31, E_0x55d14682b9c0/32, E_0x55d14682b9c0/33, E_0x55d14682b9c0/34, E_0x55d14682b9c0/35, E_0x55d14682b9c0/36, E_0x55d14682b9c0/37, E_0x55d14682b9c0/38, E_0x55d14682b9c0/39, E_0x55d14682b9c0/40, E_0x55d14682b9c0/41, E_0x55d14682b9c0/42, E_0x55d14682b9c0/43, E_0x55d14682b9c0/44, E_0x55d14682b9c0/45, E_0x55d14682b9c0/46, E_0x55d14682b9c0/47, E_0x55d14682b9c0/48, E_0x55d14682b9c0/49, E_0x55d14682b9c0/50, E_0x55d14682b9c0/51, E_0x55d14682b9c0/52, E_0x55d14682b9c0/53, E_0x55d14682b9c0/54, E_0x55d14682b9c0/55, E_0x55d14682b9c0/56, E_0x55d14682b9c0/57, E_0x55d14682b9c0/58, E_0x55d14682b9c0/59, E_0x55d14682b9c0/60, E_0x55d14682b9c0/61, E_0x55d14682b9c0/62, E_0x55d14682b9c0/63, E_0x55d14682b9c0/64, E_0x55d14682b9c0/65, E_0x55d14682b9c0/66, E_0x55d14682b9c0/67, E_0x55d14682b9c0/68, E_0x55d14682b9c0/69, E_0x55d14682b9c0/70, E_0x55d14682b9c0/71, E_0x55d14682b9c0/72, E_0x55d14682b9c0/73, E_0x55d14682b9c0/74, E_0x55d14682b9c0/75, E_0x55d14682b9c0/76, E_0x55d14682b9c0/77, E_0x55d14682b9c0/78, E_0x55d14682b9c0/79, E_0x55d14682b9c0/80, E_0x55d14682b9c0/81, E_0x55d14682b9c0/82, E_0x55d14682b9c0/83, E_0x55d14682b9c0/84, E_0x55d14682b9c0/85, E_0x55d14682b9c0/86, E_0x55d14682b9c0/87, E_0x55d14682b9c0/88, E_0x55d14682b9c0/89, E_0x55d14682b9c0/90, E_0x55d14682b9c0/91, E_0x55d14682b9c0/92, E_0x55d14682b9c0/93, E_0x55d14682b9c0/94, E_0x55d14682b9c0/95, E_0x55d14682b9c0/96, E_0x55d14682b9c0/97, E_0x55d14682b9c0/98, E_0x55d14682b9c0/99, E_0x55d14682b9c0/100, E_0x55d14682b9c0/101, E_0x55d14682b9c0/102, E_0x55d14682b9c0/103, E_0x55d14682b9c0/104, E_0x55d14682b9c0/105, E_0x55d14682b9c0/106, E_0x55d14682b9c0/107, E_0x55d14682b9c0/108, E_0x55d14682b9c0/109, E_0x55d14682b9c0/110, E_0x55d14682b9c0/111, E_0x55d14682b9c0/112, E_0x55d14682b9c0/113, E_0x55d14682b9c0/114, E_0x55d14682b9c0/115, E_0x55d14682b9c0/116, E_0x55d14682b9c0/117, E_0x55d14682b9c0/118, E_0x55d14682b9c0/119, E_0x55d14682b9c0/120, E_0x55d14682b9c0/121, E_0x55d14682b9c0/122, E_0x55d14682b9c0/123, E_0x55d14682b9c0/124, E_0x55d14682b9c0/125, E_0x55d14682b9c0/126, E_0x55d14682b9c0/127, E_0x55d14682b9c0/128, E_0x55d14682b9c0/129, E_0x55d14682b9c0/130, E_0x55d14682b9c0/131, E_0x55d14682b9c0/132, E_0x55d14682b9c0/133, E_0x55d14682b9c0/134, E_0x55d14682b9c0/135, E_0x55d14682b9c0/136, E_0x55d14682b9c0/137, E_0x55d14682b9c0/138, E_0x55d14682b9c0/139, E_0x55d14682b9c0/140, E_0x55d14682b9c0/141, E_0x55d14682b9c0/142, E_0x55d14682b9c0/143, E_0x55d14682b9c0/144, E_0x55d14682b9c0/145, E_0x55d14682b9c0/146, E_0x55d14682b9c0/147, E_0x55d14682b9c0/148, E_0x55d14682b9c0/149, E_0x55d14682b9c0/150, E_0x55d14682b9c0/151, E_0x55d14682b9c0/152, E_0x55d14682b9c0/153, E_0x55d14682b9c0/154, E_0x55d14682b9c0/155, E_0x55d14682b9c0/156, E_0x55d14682b9c0/157, E_0x55d14682b9c0/158, E_0x55d14682b9c0/159, E_0x55d14682b9c0/160, E_0x55d14682b9c0/161, E_0x55d14682b9c0/162, E_0x55d14682b9c0/163, E_0x55d14682b9c0/164, E_0x55d14682b9c0/165, E_0x55d14682b9c0/166, E_0x55d14682b9c0/167, E_0x55d14682b9c0/168, E_0x55d14682b9c0/169, E_0x55d14682b9c0/170, E_0x55d14682b9c0/171, E_0x55d14682b9c0/172, E_0x55d14682b9c0/173, E_0x55d14682b9c0/174, E_0x55d14682b9c0/175, E_0x55d14682b9c0/176, E_0x55d14682b9c0/177, E_0x55d14682b9c0/178, E_0x55d14682b9c0/179, E_0x55d14682b9c0/180, E_0x55d14682b9c0/181, E_0x55d14682b9c0/182, E_0x55d14682b9c0/183, E_0x55d14682b9c0/184, E_0x55d14682b9c0/185, E_0x55d14682b9c0/186, E_0x55d14682b9c0/187, E_0x55d14682b9c0/188, E_0x55d14682b9c0/189, E_0x55d14682b9c0/190, E_0x55d14682b9c0/191, E_0x55d14682b9c0/192, E_0x55d14682b9c0/193, E_0x55d14682b9c0/194, E_0x55d14682b9c0/195, E_0x55d14682b9c0/196, E_0x55d14682b9c0/197, E_0x55d14682b9c0/198, E_0x55d14682b9c0/199, E_0x55d14682b9c0/200, E_0x55d14682b9c0/201, E_0x55d14682b9c0/202, E_0x55d14682b9c0/203, E_0x55d14682b9c0/204, E_0x55d14682b9c0/205, E_0x55d14682b9c0/206, E_0x55d14682b9c0/207, E_0x55d14682b9c0/208, E_0x55d14682b9c0/209, E_0x55d14682b9c0/210, E_0x55d14682b9c0/211, E_0x55d14682b9c0/212, E_0x55d14682b9c0/213, E_0x55d14682b9c0/214, E_0x55d14682b9c0/215, E_0x55d14682b9c0/216, E_0x55d14682b9c0/217, E_0x55d14682b9c0/218, E_0x55d14682b9c0/219, E_0x55d14682b9c0/220, E_0x55d14682b9c0/221, E_0x55d14682b9c0/222, E_0x55d14682b9c0/223, E_0x55d14682b9c0/224, E_0x55d14682b9c0/225, E_0x55d14682b9c0/226, E_0x55d14682b9c0/227, E_0x55d14682b9c0/228, E_0x55d14682b9c0/229, E_0x55d14682b9c0/230, E_0x55d14682b9c0/231, E_0x55d14682b9c0/232, E_0x55d14682b9c0/233, E_0x55d14682b9c0/234, E_0x55d14682b9c0/235, E_0x55d14682b9c0/236, E_0x55d14682b9c0/237, E_0x55d14682b9c0/238, E_0x55d14682b9c0/239, E_0x55d14682b9c0/240, E_0x55d14682b9c0/241, E_0x55d14682b9c0/242, E_0x55d14682b9c0/243, E_0x55d14682b9c0/244, E_0x55d14682b9c0/245, E_0x55d14682b9c0/246, E_0x55d14682b9c0/247, E_0x55d14682b9c0/248, E_0x55d14682b9c0/249, E_0x55d14682b9c0/250, E_0x55d14682b9c0/251, E_0x55d14682b9c0/252, E_0x55d14682b9c0/253, E_0x55d14682b9c0/254, E_0x55d14682b9c0/255, E_0x55d14682b9c0/256;
S_0x55d146887090 .scope module, "u_mux_pc_0" "mux_pc" 2 98, 4 16 0, S_0x55d14682ab30;
 .timescale -9 -12;
    .port_info 0 /INPUT 1 "ena";
    .port_info 1 /INPUT 1 "branch";
    .port_info 2 /INPUT 1 "zero";
    .port_info 3 /INPUT 1 "jump";
    .port_info 4 /INPUT 32 "imm";
    .port_info 5 /INPUT 32 "curr_pc";
    .port_info 6 /OUTPUT 32 "next_pc";
v0x55d1468872b0_0 .net "branch", 0 0, v0x55d146888130_0;  1 drivers
v0x55d146887390_0 .net "curr_pc", 31 0, v0x55d146887d40_0;  alias, 1 drivers
v0x55d146887450_0 .net "ena", 0 0, v0x55d146887e50_0;  alias, 1 drivers
v0x55d146887520_0 .net "imm", 31 0, v0x55d146888480_0;  1 drivers
v0x55d1468875e0_0 .net "jump", 0 0, v0x55d1468886b0_0;  1 drivers
v0x55d1468876f0_0 .var "next_pc", 31 0;
v0x55d1468877d0_0 .net "zero", 0 0, v0x55d1468888c0_0;  1 drivers
E_0x55d146821ac0/0 .event edge, v0x55d146887450_0, v0x55d146811610_0, v0x55d1468872b0_0, v0x55d1468877d0_0;
E_0x55d146821ac0/1 .event edge, v0x55d146887520_0, v0x55d1468875e0_0;
E_0x55d146821ac0 .event/or E_0x55d146821ac0/0, E_0x55d146821ac0/1;
S_0x55d146887970 .scope module, "u_pc_reg_0" "pc_reg" 2 85, 5 15 0, S_0x55d14682ab30;
 .timescale -9 -12;
    .port_info 0 /INPUT 1 "clk";
    .port_info 1 /INPUT 1 "rst_n";
    .port_info 2 /OUTPUT 1 "ena";
    .port_info 3 /INPUT 32 "next_pc";
    .port_info 4 /OUTPUT 32 "curr_pc";
v0x55d146887c60_0 .net "clk", 0 0, v0x55d1468881f0_0;  1 drivers
v0x55d146887d40_0 .var "curr_pc", 31 0;
v0x55d146887e50_0 .var "ena", 0 0;
v0x55d146887ef0_0 .net "next_pc", 31 0, v0x55d1468876f0_0;  alias, 1 drivers
v0x55d146887fc0_0 .net "rst_n", 0 0, v0x55d146888820_0;  1 drivers
E_0x55d14682c010/0 .event negedge, v0x55d146887fc0_0;
E_0x55d14682c010/1 .event posedge, v0x55d146887c60_0;
E_0x55d14682c010 .event/or E_0x55d14682c010/0, E_0x55d14682c010/1;
    .scope S_0x55d146887970;
T_2 ;
    %wait E_0x55d14682c010;
    %load/vec4 v0x55d146887fc0_0;
    %inv;
    %flag_set/vec4 8;
    %jmp/0xz  T_2.0, 8;
    %pushi/vec4 0, 0, 1;
    %assign/vec4 v0x55d146887e50_0, 0;
    %jmp T_2.1;
T_2.0 ;
    %pushi/vec4 1, 0, 1;
    %assign/vec4 v0x55d146887e50_0, 0;
T_2.1 ;
    %jmp T_2;
    .thread T_2;
    .scope S_0x55d146887970;
T_3 ;
    %wait E_0x55d14682c010;
    %load/vec4 v0x55d146887fc0_0;
    %inv;
    %flag_set/vec4 8;
    %jmp/0xz  T_3.0, 8;
    %pushi/vec4 0, 0, 32;
    %assign/vec4 v0x55d146887d40_0, 0;
    %jmp T_3.1;
T_3.0 ;
    %load/vec4 v0x55d146887ef0_0;
    %assign/vec4 v0x55d146887d40_0, 0;
T_3.1 ;
    %jmp T_3;
    .thread T_3;
    .scope S_0x55d14687acf0;
T_4 ;
    %wait E_0x55d14682b9c0;
    %load/vec4 v0x55d146811610_0;
    %parti/s 10, 2, 3;
    %pad/u 12;
    %ix/vec4 4;
    %load/vec4a v0x55d14687cf80, 4;
    %store/vec4 v0x55d146866780_0, 0, 32;
    %jmp T_4;
    .thread T_4, $push;
    .scope S_0x55d146887090;
T_5 ;
    %wait E_0x55d146821ac0;
    %load/vec4 v0x55d146887450_0;
    %inv;
    %flag_set/vec4 8;
    %jmp/0xz  T_5.0, 8;
    %load/vec4 v0x55d146887390_0;
    %store/vec4 v0x55d1468876f0_0, 0, 32;
    %jmp T_5.1;
T_5.0 ;
    %load/vec4 v0x55d1468872b0_0;
    %flag_set/vec4 9;
    %flag_get/vec4 9;
    %jmp/0 T_5.4, 9;
    %load/vec4 v0x55d1468877d0_0;
    %inv;
    %and;
T_5.4;
    %flag_set/vec4 8;
    %jmp/0xz  T_5.2, 8;
    %load/vec4 v0x55d146887390_0;
    %load/vec4 v0x55d146887520_0;
    %add;
    %store/vec4 v0x55d1468876f0_0, 0, 32;
    %jmp T_5.3;
T_5.2 ;
    %load/vec4 v0x55d1468875e0_0;
    %flag_set/vec4 8;
    %jmp/0xz  T_5.5, 8;
    %load/vec4 v0x55d146887390_0;
    %load/vec4 v0x55d146887520_0;
    %add;
    %store/vec4 v0x55d1468876f0_0, 0, 32;
    %jmp T_5.6;
T_5.5 ;
    %load/vec4 v0x55d146887390_0;
    %addi 4, 0, 32;
    %store/vec4 v0x55d1468876f0_0, 0, 32;
T_5.6 ;
T_5.3 ;
T_5.1 ;
    %jmp T_5;
    .thread T_5, $push;
    .scope S_0x55d14682ab30;
T_6 ;
    %delay 10000, 0;
    %pushi/vec4 0, 0, 1;
    %store/vec4 v0x55d1468881f0_0, 0, 1;
    %pushi/vec4 0, 0, 1;
    %store/vec4 v0x55d146888820_0, 0, 1;
    %pushi/vec4 1, 0, 1;
    %store/vec4 v0x55d146888130_0, 0, 1;
    %pushi/vec4 1, 0, 1;
    %store/vec4 v0x55d1468888c0_0, 0, 1;
    %pushi/vec4 0, 0, 1;
    %store/vec4 v0x55d1468886b0_0, 0, 1;
    %pushi/vec4 8, 0, 32;
    %store/vec4 v0x55d146888480_0, 0, 32;
    %pushi/vec4 16708, 0, 32; draw_string_vec4
    %pushi/vec4 68, 0, 8; draw_string_vec4
    %concat/vec4; draw_string_vec4
    %store/vec4 v0x55d146888610_0, 0, 40;
    %load/vec4 v0x55d146888610_0;
    %store/vec4 v0x55d146811200_0, 0, 40;
    %fork TD_tb_rvseed.inst_load, S_0x55d14682acc0;
    %join;
    %delay 20000, 0;
    %pushi/vec4 1, 0, 1;
    %store/vec4 v0x55d146888820_0, 0, 1;
    %delay 1000, 0;
    %delay 1000000, 0;
    %pushi/vec4 0, 0, 1;
    %store/vec4 v0x55d1468888c0_0, 0, 1;
    %delay 20000, 0;
    %pushi/vec4 1, 0, 1;
    %store/vec4 v0x55d1468888c0_0, 0, 1;
    %delay 1000000, 0;
    %pushi/vec4 1, 0, 1;
    %store/vec4 v0x55d1468886b0_0, 0, 1;
    %delay 20000, 0;
    %pushi/vec4 0, 0, 1;
    %store/vec4 v0x55d1468886b0_0, 0, 1;
    %delay 10000000, 0;
    %vpi_call 2 58 "$stop" {0 0 0};
    %end;
    .thread T_6;
    .scope S_0x55d14682ab30;
T_7 ;
    %delay 1000000000, 0;
    %vpi_call 2 63 "$display", "Time Out" {0 0 0};
    %vpi_call 2 64 "$finish" {0 0 0};
    %end;
    .thread T_7;
    .scope S_0x55d14682ab30;
T_8 ;
    %delay 10000, 0;
    %load/vec4 v0x55d1468881f0_0;
    %inv;
    %store/vec4 v0x55d1468881f0_0, 0, 1;
    %jmp T_8;
    .thread T_8;
    .scope S_0x55d14682ab30;
T_9 ;
    %vpi_call 2 110 "$dumpfile", "sim_out.vcd" {0 0 0};
    %vpi_call 2 111 "$dumpvars" {0 0 0};
    %end;
    .thread T_9;
# The file index is used to find the file name in the following table.
:file_names 6;
    "N/A";
    "<interactive>";
    "tb_rvseed.v";
    "../core/inst_mem.v";
    "../core/mux_pc.v";
    "../core/pc_reg.v";
